{"/Users/mariashuruima/Downloads/EyeHearU/mobile/app/_layout.tsx": {"path":"/Users/mariashuruima/Downloads/EyeHearU/mobile/app/_layout.tsx","statementMap":{"0":{"start":{"line":4,"column":19},"end":{"line":4,"column":28}},"1":{"start":{"line":7,"column":2},"end":{"line":22,"column":4}}},"fnMap":{"0":{"name":"RootLayout","decl":{"start":{"line":6,"column":24},"end":{"line":6,"column":34}},"loc":{"start":{"line":6,"column":37},"end":{"line":23,"column":1}},"line":6}},"branchMap":{},"s":{"0":1,"1":1},"f":{"0":1},"b":{},"_coverageSchema":"1a1c01bbd47fc00a2c39e90264f33305004495a9","hash":"a788add2e30ae13dec21d84f3ae4c3b130a444e5"}
,"/Users/mariashuruima/Downloads/EyeHearU/mobile/app/camera.tsx": {"path":"/Users/mariashuruima/Downloads/EyeHearU/mobile/app/camera.tsx","statementMap":{"0":{"start":{"line":23,"column":26},"end":{"line":23,"column":27}},"1":{"start":{"line":24,"column":20},"end":{"line":24,"column":38}},"2":{"start":{"line":26,"column":14},"end":{"line":35,"column":1}},"3":{"start":{"line":40,"column":42},"end":{"line":40,"column":64}},"4":{"start":{"line":41,"column":44},"end":{"line":41,"column":77}},"5":{"start":{"line":42,"column":42},"end":{"line":42,"column":64}},"6":{"start":{"line":44,"column":4},"end":{"line":44,"column":51}},"7":{"start":{"line":45,"column":38},"end":{"line":45,"column":67}},"8":{"start":{"line":46,"column":38},"end":{"line":46,"column":57}},"9":{"start":{"line":47,"column":26},"end":{"line":47,"column":78}},"10":{"start":{"line":48,"column":40},"end":{"line":48,"column":55}},"11":{"start":{"line":49,"column":42},"end":{"line":49,"column":57}},"12":{"start":{"line":50,"column":42},"end":{"line":50,"column":71}},"13":{"start":{"line":51,"column":30},"end":{"line":51,"column":59}},"14":{"start":{"line":52,"column":36},"end":{"line":52,"column":55}},"15":{"start":{"line":53,"column":20},"end":{"line":53,"column":44}},"16":{"start":{"line":54,"column":20},"end":{"line":54,"column":57}},"17":{"start":{"line":55,"column":23},"end":{"line":55,"column":74}},"18":{"start":{"line":56,"column":15},"end":{"line":56,"column":42}},"19":{"start":{"line":59,"column":2},"end":{"line":77,"column":31}},"20":{"start":{"line":60,"column":4},"end":{"line":60,"column":29}},"21":{"start":{"line":60,"column":22},"end":{"line":60,"column":29}},"22":{"start":{"line":61,"column":17},"end":{"line":74,"column":5}},"23":{"start":{"line":75,"column":4},"end":{"line":75,"column":17}},"24":{"start":{"line":76,"column":4},"end":{"line":76,"column":29}},"25":{"start":{"line":76,"column":17},"end":{"line":76,"column":28}},"26":{"start":{"line":80,"column":2},"end":{"line":99,"column":20}},"27":{"start":{"line":81,"column":4},"end":{"line":85,"column":5}},"28":{"start":{"line":82,"column":6},"end":{"line":82,"column":68}},"29":{"start":{"line":82,"column":32},"end":{"line":82,"column":68}},"30":{"start":{"line":83,"column":6},"end":{"line":83,"column":22}},"31":{"start":{"line":84,"column":6},"end":{"line":84,"column":13}},"32":{"start":{"line":86,"column":4},"end":{"line":86,"column":36}},"33":{"start":{"line":87,"column":4},"end":{"line":95,"column":13}},"34":{"start":{"line":88,"column":6},"end":{"line":94,"column":9}},"35":{"start":{"line":89,"column":8},"end":{"line":92,"column":9}},"36":{"start":{"line":90,"column":10},"end":{"line":90,"column":72}},"37":{"start":{"line":90,"column":36},"end":{"line":90,"column":72}},"38":{"start":{"line":91,"column":10},"end":{"line":91,"column":19}},"39":{"start":{"line":93,"column":8},"end":{"line":93,"column":24}},"40":{"start":{"line":96,"column":4},"end":{"line":98,"column":6}},"41":{"start":{"line":97,"column":6},"end":{"line":97,"column":68}},"42":{"start":{"line":97,"column":32},"end":{"line":97,"column":68}},"43":{"start":{"line":101,"column":2},"end":{"line":101,"column":60}},"44":{"start":{"line":101,"column":19},"end":{"line":101,"column":60}},"45":{"start":{"line":103,"column":2},"end":{"line":116,"column":3}},"46":{"start":{"line":104,"column":4},"end":{"line":115,"column":6}},"47":{"start":{"line":118,"column":23},"end":{"line":120,"column":3}},"48":{"start":{"line":119,"column":4},"end":{"line":119,"column":63}},"49":{"start":{"line":119,"column":25},"end":{"line":119,"column":60}},"50":{"start":{"line":122,"column":33},"end":{"line":134,"column":3}},"51":{"start":{"line":123,"column":4},"end":{"line":123,"column":28}},"52":{"start":{"line":124,"column":4},"end":{"line":124,"column":31}},"53":{"start":{"line":125,"column":4},"end":{"line":125,"column":37}},"54":{"start":{"line":126,"column":4},"end":{"line":126,"column":32}},"55":{"start":{"line":128,"column":4},"end":{"line":133,"column":5}},"56":{"start":{"line":129,"column":6},"end":{"line":129,"column":34}},"57":{"start":{"line":130,"column":6},"end":{"line":132,"column":7}},"58":{"start":{"line":131,"column":8},"end":{"line":131,"column":68}},"59":{"start":{"line":136,"column":31},"end":{"line":145,"column":3}},"60":{"start":{"line":137,"column":4},"end":{"line":137,"column":24}},"61":{"start":{"line":138,"column":4},"end":{"line":138,"column":16}},"62":{"start":{"line":139,"column":4},"end":{"line":139,"column":21}},"63":{"start":{"line":140,"column":4},"end":{"line":140,"column":30}},"64":{"start":{"line":141,"column":4},"end":{"line":144,"column":5}},"65":{"start":{"line":142,"column":6},"end":{"line":142,"column":42}},"66":{"start":{"line":143,"column":6},"end":{"line":143,"column":69}},"67":{"start":{"line":147,"column":27},"end":{"line":183,"column":3}},"68":{"start":{"line":148,"column":4},"end":{"line":148,"column":43}},"69":{"start":{"line":148,"column":36},"end":{"line":148,"column":43}},"70":{"start":{"line":150,"column":4},"end":{"line":150,"column":25}},"71":{"start":{"line":151,"column":4},"end":{"line":151,"column":24}},"72":{"start":{"line":152,"column":4},"end":{"line":152,"column":16}},"73":{"start":{"line":153,"column":4},"end":{"line":153,"column":28}},"74":{"start":{"line":154,"column":4},"end":{"line":154,"column":26}},"75":{"start":{"line":156,"column":4},"end":{"line":182,"column":5}},"76":{"start":{"line":157,"column":20},"end":{"line":159,"column":8}},"77":{"start":{"line":161,"column":6},"end":{"line":161,"column":28}},"78":{"start":{"line":162,"column":6},"end":{"line":162,"column":30}},"79":{"start":{"line":162,"column":23},"end":{"line":162,"column":30}},"80":{"start":{"line":164,"column":6},"end":{"line":167,"column":7}},"81":{"start":{"line":165,"column":8},"end":{"line":165,"column":56}},"82":{"start":{"line":165,"column":34},"end":{"line":165,"column":54}},"83":{"start":{"line":166,"column":8},"end":{"line":166,"column":15}},"84":{"start":{"line":169,"column":6},"end":{"line":169,"column":28}},"85":{"start":{"line":170,"column":39},"end":{"line":170,"column":67}},"86":{"start":{"line":171,"column":6},"end":{"line":171,"column":43}},"87":{"start":{"line":173,"column":6},"end":{"line":173,"column":49}},"88":{"start":{"line":174,"column":18},"end":{"line":174,"column":72}},"89":{"start":{"line":175,"column":6},"end":{"line":175,"column":27}},"90":{"start":{"line":176,"column":6},"end":{"line":176,"column":26}},"91":{"start":{"line":177,"column":6},"end":{"line":177,"column":23}},"92":{"start":{"line":178,"column":6},"end":{"line":178,"column":18}},"93":{"start":{"line":179,"column":6},"end":{"line":179,"column":28}},"94":{"start":{"line":181,"column":6},"end":{"line":181,"column":29}},"95":{"start":{"line":185,"column":28},"end":{"line":203,"column":3}},"96":{"start":{"line":186,"column":4},"end":{"line":186,"column":50}},"97":{"start":{"line":186,"column":43},"end":{"line":186,"column":50}},"98":{"start":{"line":187,"column":4},"end":{"line":187,"column":26}},"99":{"start":{"line":188,"column":4},"end":{"line":188,"column":28}},"100":{"start":{"line":189,"column":4},"end":{"line":189,"column":24}},"101":{"start":{"line":190,"column":4},"end":{"line":190,"column":16}},"102":{"start":{"line":191,"column":4},"end":{"line":191,"column":26}},"103":{"start":{"line":192,"column":4},"end":{"line":202,"column":5}},"104":{"start":{"line":193,"column":21},"end":{"line":193,"column":56}},"105":{"start":{"line":194,"column":6},"end":{"line":194,"column":41}},"106":{"start":{"line":196,"column":6},"end":{"line":196,"column":58}},"107":{"start":{"line":197,"column":18},"end":{"line":197,"column":72}},"108":{"start":{"line":198,"column":6},"end":{"line":198,"column":27}},"109":{"start":{"line":199,"column":6},"end":{"line":199,"column":30}},"110":{"start":{"line":201,"column":6},"end":{"line":201,"column":29}},"111":{"start":{"line":205,"column":25},"end":{"line":240,"column":3}},"112":{"start":{"line":206,"column":4},"end":{"line":206,"column":21}},"113":{"start":{"line":206,"column":14},"end":{"line":206,"column":21}},"114":{"start":{"line":208,"column":4},"end":{"line":208,"column":24}},"115":{"start":{"line":209,"column":4},"end":{"line":209,"column":16}},"116":{"start":{"line":210,"column":4},"end":{"line":210,"column":28}},"117":{"start":{"line":211,"column":4},"end":{"line":211,"column":26}},"118":{"start":{"line":213,"column":4},"end":{"line":239,"column":5}},"119":{"start":{"line":214,"column":21},"end":{"line":218,"column":8}},"120":{"start":{"line":220,"column":6},"end":{"line":220,"column":62}},"121":{"start":{"line":220,"column":55},"end":{"line":220,"column":62}},"122":{"start":{"line":222,"column":6},"end":{"line":225,"column":7}},"123":{"start":{"line":223,"column":8},"end":{"line":223,"column":67}},"124":{"start":{"line":223,"column":34},"end":{"line":223,"column":65}},"125":{"start":{"line":224,"column":8},"end":{"line":224,"column":15}},"126":{"start":{"line":227,"column":6},"end":{"line":227,"column":28}},"127":{"start":{"line":228,"column":43},"end":{"line":228,"column":82}},"128":{"start":{"line":229,"column":6},"end":{"line":229,"column":47}},"129":{"start":{"line":231,"column":6},"end":{"line":231,"column":56}},"130":{"start":{"line":232,"column":18},"end":{"line":232,"column":72}},"131":{"start":{"line":233,"column":6},"end":{"line":233,"column":27}},"132":{"start":{"line":234,"column":6},"end":{"line":234,"column":26}},"133":{"start":{"line":235,"column":6},"end":{"line":235,"column":23}},"134":{"start":{"line":236,"column":6},"end":{"line":236,"column":18}},"135":{"start":{"line":238,"column":6},"end":{"line":238,"column":29}},"136":{"start":{"line":242,"column":24},"end":{"line":246,"column":3}},"137":{"start":{"line":243,"column":4},"end":{"line":245,"column":5}},"138":{"start":{"line":244,"column":6},"end":{"line":244,"column":40}},"139":{"start":{"line":248,"column":24},"end":{"line":261,"column":3}},"140":{"start":{"line":249,"column":4},"end":{"line":260,"column":14}},"141":{"start":{"line":250,"column":18},"end":{"line":250,"column":57}},"142":{"start":{"line":251,"column":22},"end":{"line":251,"column":48}},"143":{"start":{"line":252,"column":6},"end":{"line":257,"column":9}},"144":{"start":{"line":258,"column":6},"end":{"line":258,"column":53}},"145":{"start":{"line":258,"column":32},"end":{"line":258,"column":53}},"146":{"start":{"line":259,"column":6},"end":{"line":259,"column":71}},"147":{"start":{"line":263,"column":32},"end":{"line":280,"column":3}},"148":{"start":{"line":264,"column":4},"end":{"line":279,"column":14}},"149":{"start":{"line":265,"column":18},"end":{"line":265,"column":57}},"150":{"start":{"line":266,"column":22},"end":{"line":266,"column":48}},"151":{"start":{"line":267,"column":24},"end":{"line":267,"column":50}},"152":{"start":{"line":268,"column":19},"end":{"line":268,"column":75}},"153":{"start":{"line":269,"column":6},"end":{"line":276,"column":9}},"154":{"start":{"line":277,"column":6},"end":{"line":277,"column":53}},"155":{"start":{"line":277,"column":32},"end":{"line":277,"column":53}},"156":{"start":{"line":278,"column":6},"end":{"line":278,"column":71}},"157":{"start":{"line":282,"column":26},"end":{"line":287,"column":3}},"158":{"start":{"line":283,"column":17},"end":{"line":283,"column":54}},"159":{"start":{"line":284,"column":4},"end":{"line":286,"column":5}},"160":{"start":{"line":285,"column":6},"end":{"line":285,"column":59}},"161":{"start":{"line":289,"column":18},"end":{"line":296,"column":3}},"162":{"start":{"line":290,"column":4},"end":{"line":290,"column":27}},"163":{"start":{"line":291,"column":4},"end":{"line":291,"column":24}},"164":{"start":{"line":292,"column":4},"end":{"line":292,"column":28}},"165":{"start":{"line":293,"column":4},"end":{"line":293,"column":24}},"166":{"start":{"line":294,"column":4},"end":{"line":294,"column":16}},"167":{"start":{"line":295,"column":4},"end":{"line":295,"column":26}},"168":{"start":{"line":298,"column":2},"end":{"line":538,"column":4}},"169":{"start":{"line":354,"column":25},"end":{"line":354,"column":42}},"170":{"start":{"line":371,"column":25},"end":{"line":371,"column":44}},"171":{"start":{"line":428,"column":16},"end":{"line":428,"column":36}},"172":{"start":{"line":429,"column":16},"end":{"line":429,"column":40}},"173":{"start":{"line":454,"column":18},"end":{"line":458,"column":25}},"174":{"start":{"line":541,"column":15},"end":{"line":813,"column":2}}},"fnMap":{"0":{"name":"CameraScreen","decl":{"start":{"line":39,"column":24},"end":{"line":39,"column":36}},"loc":{"start":{"line":39,"column":39},"end":{"line":539,"column":1}},"line":39},"1":{"name":"(anonymous_1)","decl":{"start":{"line":59,"column":12},"end":{"line":59,"column":13}},"loc":{"start":{"line":59,"column":18},"end":{"line":77,"column":3}},"line":59},"2":{"name":"(anonymous_2)","decl":{"start":{"line":76,"column":11},"end":{"line":76,"column":12}},"loc":{"start":{"line":76,"column":17},"end":{"line":76,"column":28}},"line":76},"3":{"name":"(anonymous_3)","decl":{"start":{"line":80,"column":12},"end":{"line":80,"column":13}},"loc":{"start":{"line":80,"column":18},"end":{"line":99,"column":3}},"line":80},"4":{"name":"(anonymous_4)","decl":{"start":{"line":87,"column":39},"end":{"line":87,"column":40}},"loc":{"start":{"line":87,"column":45},"end":{"line":95,"column":5}},"line":87},"5":{"name":"(anonymous_5)","decl":{"start":{"line":88,"column":19},"end":{"line":88,"column":20}},"loc":{"start":{"line":88,"column":29},"end":{"line":94,"column":7}},"line":88},"6":{"name":"(anonymous_6)","decl":{"start":{"line":96,"column":11},"end":{"line":96,"column":12}},"loc":{"start":{"line":96,"column":17},"end":{"line":98,"column":5}},"line":96},"7":{"name":"(anonymous_7)","decl":{"start":{"line":118,"column":23},"end":{"line":118,"column":24}},"loc":{"start":{"line":118,"column":29},"end":{"line":120,"column":3}},"line":118},"8":{"name":"(anonymous_8)","decl":{"start":{"line":119,"column":14},"end":{"line":119,"column":15}},"loc":{"start":{"line":119,"column":25},"end":{"line":119,"column":60}},"line":119},"9":{"name":"(anonymous_9)","decl":{"start":{"line":122,"column":33},"end":{"line":122,"column":34}},"loc":{"start":{"line":122,"column":69},"end":{"line":134,"column":3}},"line":122},"10":{"name":"(anonymous_10)","decl":{"start":{"line":136,"column":31},"end":{"line":136,"column":32}},"loc":{"start":{"line":136,"column":75},"end":{"line":145,"column":3}},"line":136},"11":{"name":"(anonymous_11)","decl":{"start":{"line":147,"column":27},"end":{"line":147,"column":28}},"loc":{"start":{"line":147,"column":39},"end":{"line":183,"column":3}},"line":147},"12":{"name":"(anonymous_12)","decl":{"start":{"line":165,"column":24},"end":{"line":165,"column":25}},"loc":{"start":{"line":165,"column":34},"end":{"line":165,"column":54}},"line":165},"13":{"name":"(anonymous_13)","decl":{"start":{"line":185,"column":28},"end":{"line":185,"column":29}},"loc":{"start":{"line":185,"column":40},"end":{"line":203,"column":3}},"line":185},"14":{"name":"(anonymous_14)","decl":{"start":{"line":205,"column":25},"end":{"line":205,"column":26}},"loc":{"start":{"line":205,"column":37},"end":{"line":240,"column":3}},"line":205},"15":{"name":"(anonymous_15)","decl":{"start":{"line":223,"column":24},"end":{"line":223,"column":25}},"loc":{"start":{"line":223,"column":34},"end":{"line":223,"column":65}},"line":223},"16":{"name":"(anonymous_16)","decl":{"start":{"line":242,"column":24},"end":{"line":242,"column":25}},"loc":{"start":{"line":242,"column":30},"end":{"line":246,"column":3}},"line":242},"17":{"name":"(anonymous_17)","decl":{"start":{"line":248,"column":24},"end":{"line":248,"column":25}},"loc":{"start":{"line":248,"column":60},"end":{"line":261,"column":3}},"line":248},"18":{"name":"(anonymous_18)","decl":{"start":{"line":263,"column":32},"end":{"line":263,"column":33}},"loc":{"start":{"line":263,"column":76},"end":{"line":280,"column":3}},"line":263},"19":{"name":"(anonymous_19)","decl":{"start":{"line":282,"column":26},"end":{"line":282,"column":27}},"loc":{"start":{"line":282,"column":32},"end":{"line":287,"column":3}},"line":282},"20":{"name":"(anonymous_20)","decl":{"start":{"line":289,"column":18},"end":{"line":289,"column":19}},"loc":{"start":{"line":289,"column":43},"end":{"line":296,"column":3}},"line":289},"21":{"name":"(anonymous_21)","decl":{"start":{"line":354,"column":19},"end":{"line":354,"column":20}},"loc":{"start":{"line":354,"column":25},"end":{"line":354,"column":42}},"line":354},"22":{"name":"(anonymous_22)","decl":{"start":{"line":371,"column":19},"end":{"line":371,"column":20}},"loc":{"start":{"line":371,"column":25},"end":{"line":371,"column":44}},"line":371},"23":{"name":"(anonymous_23)","decl":{"start":{"line":427,"column":23},"end":{"line":427,"column":24}},"loc":{"start":{"line":427,"column":29},"end":{"line":430,"column":15}},"line":427},"24":{"name":"(anonymous_24)","decl":{"start":{"line":453,"column":38},"end":{"line":453,"column":39}},"loc":{"start":{"line":454,"column":18},"end":{"line":458,"column":25}},"line":454}},"branchMap":{"0":{"loc":{"start":{"line":56,"column":15},"end":{"line":56,"column":42}},"type":"binary-expr","locations":[{"start":{"line":56,"column":15},"end":{"line":56,"column":26}},{"start":{"line":56,"column":30},"end":{"line":56,"column":42}}],"line":56},"1":{"loc":{"start":{"line":60,"column":4},"end":{"line":60,"column":29}},"type":"if","locations":[{"start":{"line":60,"column":4},"end":{"line":60,"column":29}},{"start":{},"end":{}}],"line":60},"2":{"loc":{"start":{"line":81,"column":4},"end":{"line":85,"column":5}},"type":"if","locations":[{"start":{"line":81,"column":4},"end":{"line":85,"column":5}},{"start":{},"end":{}}],"line":81},"3":{"loc":{"start":{"line":82,"column":6},"end":{"line":82,"column":68}},"type":"if","locations":[{"start":{"line":82,"column":6},"end":{"line":82,"column":68}},{"start":{},"end":{}}],"line":82},"4":{"loc":{"start":{"line":89,"column":8},"end":{"line":92,"column":9}},"type":"if","locations":[{"start":{"line":89,"column":8},"end":{"line":92,"column":9}},{"start":{},"end":{}}],"line":89},"5":{"loc":{"start":{"line":90,"column":10},"end":{"line":90,"column":72}},"type":"if","locations":[{"start":{"line":90,"column":10},"end":{"line":90,"column":72}},{"start":{},"end":{}}],"line":90},"6":{"loc":{"start":{"line":97,"column":6},"end":{"line":97,"column":68}},"type":"if","locations":[{"start":{"line":97,"column":6},"end":{"line":97,"column":68}},{"start":{},"end":{}}],"line":97},"7":{"loc":{"start":{"line":101,"column":2},"end":{"line":101,"column":60}},"type":"if","locations":[{"start":{"line":101,"column":2},"end":{"line":101,"column":60}},{"start":{},"end":{}}],"line":101},"8":{"loc":{"start":{"line":103,"column":2},"end":{"line":116,"column":3}},"type":"if","locations":[{"start":{"line":103,"column":2},"end":{"line":116,"column":3}},{"start":{},"end":{}}],"line":103},"9":{"loc":{"start":{"line":119,"column":25},"end":{"line":119,"column":60}},"type":"cond-expr","locations":[{"start":{"line":119,"column":44},"end":{"line":119,"column":50}},{"start":{"line":119,"column":53},"end":{"line":119,"column":60}}],"line":119},"10":{"loc":{"start":{"line":126,"column":12},"end":{"line":126,"column":30}},"type":"binary-expr","locations":[{"start":{"line":126,"column":12},"end":{"line":126,"column":24}},{"start":{"line":126,"column":28},"end":{"line":126,"column":30}}],"line":126},"11":{"loc":{"start":{"line":128,"column":4},"end":{"line":133,"column":5}},"type":"if","locations":[{"start":{"line":128,"column":4},"end":{"line":133,"column":5}},{"start":{},"end":{}}],"line":128},"12":{"loc":{"start":{"line":130,"column":6},"end":{"line":132,"column":7}},"type":"if","locations":[{"start":{"line":130,"column":6},"end":{"line":132,"column":7}},{"start":{},"end":{}}],"line":130},"13":{"loc":{"start":{"line":141,"column":4},"end":{"line":144,"column":5}},"type":"if","locations":[{"start":{"line":141,"column":4},"end":{"line":144,"column":5}},{"start":{},"end":{}}],"line":141},"14":{"loc":{"start":{"line":148,"column":4},"end":{"line":148,"column":43}},"type":"if","locations":[{"start":{"line":148,"column":4},"end":{"line":148,"column":43}},{"start":{},"end":{}}],"line":148},"15":{"loc":{"start":{"line":148,"column":8},"end":{"line":148,"column":34}},"type":"binary-expr","locations":[{"start":{"line":148,"column":8},"end":{"line":148,"column":26}},{"start":{"line":148,"column":30},"end":{"line":148,"column":34}}],"line":148},"16":{"loc":{"start":{"line":162,"column":6},"end":{"line":162,"column":30}},"type":"if","locations":[{"start":{"line":162,"column":6},"end":{"line":162,"column":30}},{"start":{},"end":{}}],"line":162},"17":{"loc":{"start":{"line":164,"column":6},"end":{"line":167,"column":7}},"type":"if","locations":[{"start":{"line":164,"column":6},"end":{"line":167,"column":7}},{"start":{},"end":{}}],"line":164},"18":{"loc":{"start":{"line":174,"column":18},"end":{"line":174,"column":72}},"type":"cond-expr","locations":[{"start":{"line":174,"column":43},"end":{"line":174,"column":56}},{"start":{"line":174,"column":59},"end":{"line":174,"column":72}}],"line":174},"19":{"loc":{"start":{"line":186,"column":4},"end":{"line":186,"column":50}},"type":"if","locations":[{"start":{"line":186,"column":4},"end":{"line":186,"column":50}},{"start":{},"end":{}}],"line":186},"20":{"loc":{"start":{"line":186,"column":8},"end":{"line":186,"column":41}},"type":"binary-expr","locations":[{"start":{"line":186,"column":8},"end":{"line":186,"column":12}},{"start":{"line":186,"column":16},"end":{"line":186,"column":41}}],"line":186},"21":{"loc":{"start":{"line":197,"column":18},"end":{"line":197,"column":72}},"type":"cond-expr","locations":[{"start":{"line":197,"column":43},"end":{"line":197,"column":56}},{"start":{"line":197,"column":59},"end":{"line":197,"column":72}}],"line":197},"22":{"loc":{"start":{"line":206,"column":4},"end":{"line":206,"column":21}},"type":"if","locations":[{"start":{"line":206,"column":4},"end":{"line":206,"column":21}},{"start":{},"end":{}}],"line":206},"23":{"loc":{"start":{"line":220,"column":6},"end":{"line":220,"column":62}},"type":"if","locations":[{"start":{"line":220,"column":6},"end":{"line":220,"column":62}},{"start":{},"end":{}}],"line":220},"24":{"loc":{"start":{"line":220,"column":10},"end":{"line":220,"column":53}},"type":"binary-expr","locations":[{"start":{"line":220,"column":10},"end":{"line":220,"column":25}},{"start":{"line":220,"column":29},"end":{"line":220,"column":53}}],"line":220},"25":{"loc":{"start":{"line":222,"column":6},"end":{"line":225,"column":7}},"type":"if","locations":[{"start":{"line":222,"column":6},"end":{"line":225,"column":7}},{"start":{},"end":{}}],"line":222},"26":{"loc":{"start":{"line":232,"column":18},"end":{"line":232,"column":72}},"type":"cond-expr","locations":[{"start":{"line":232,"column":43},"end":{"line":232,"column":56}},{"start":{"line":232,"column":59},"end":{"line":232,"column":72}}],"line":232},"27":{"loc":{"start":{"line":243,"column":4},"end":{"line":245,"column":5}},"type":"if","locations":[{"start":{"line":243,"column":4},"end":{"line":245,"column":5}},{"start":{},"end":{}}],"line":243},"28":{"loc":{"start":{"line":243,"column":8},"end":{"line":243,"column":40}},"type":"binary-expr","locations":[{"start":{"line":243,"column":8},"end":{"line":243,"column":25}},{"start":{"line":243,"column":29},"end":{"line":243,"column":40}}],"line":243},"29":{"loc":{"start":{"line":251,"column":22},"end":{"line":251,"column":48}},"type":"cond-expr","locations":[{"start":{"line":251,"column":28},"end":{"line":251,"column":43}},{"start":{"line":251,"column":46},"end":{"line":251,"column":48}}],"line":251},"30":{"loc":{"start":{"line":258,"column":6},"end":{"line":258,"column":53}},"type":"if","locations":[{"start":{"line":258,"column":6},"end":{"line":258,"column":53}},{"start":{},"end":{}}],"line":258},"31":{"loc":{"start":{"line":266,"column":22},"end":{"line":266,"column":48}},"type":"cond-expr","locations":[{"start":{"line":266,"column":28},"end":{"line":266,"column":43}},{"start":{"line":266,"column":46},"end":{"line":266,"column":48}}],"line":266},"32":{"loc":{"start":{"line":267,"column":24},"end":{"line":267,"column":50}},"type":"binary-expr","locations":[{"start":{"line":267,"column":24},"end":{"line":267,"column":45}},{"start":{"line":267,"column":49},"end":{"line":267,"column":50}}],"line":267},"33":{"loc":{"start":{"line":277,"column":6},"end":{"line":277,"column":53}},"type":"if","locations":[{"start":{"line":277,"column":6},"end":{"line":277,"column":53}},{"start":{},"end":{}}],"line":277},"34":{"loc":{"start":{"line":283,"column":17},"end":{"line":283,"column":54}},"type":"binary-expr","locations":[{"start":{"line":283,"column":17},"end":{"line":283,"column":40}},{"start":{"line":283,"column":44},"end":{"line":283,"column":54}}],"line":283},"35":{"loc":{"start":{"line":284,"column":4},"end":{"line":286,"column":5}},"type":"if","locations":[{"start":{"line":284,"column":4},"end":{"line":286,"column":5}},{"start":{},"end":{}}],"line":284},"36":{"loc":{"start":{"line":303,"column":7},"end":{"line":329,"column":7}},"type":"binary-expr","locations":[{"start":{"line":303,"column":7},"end":{"line":303,"column":19}},{"start":{"line":304,"column":8},"end":{"line":304,"column":21}},{"start":{"line":305,"column":8},"end":{"line":305,"column":19}},{"start":{"line":306,"column":8},"end":{"line":306,"column":21}},{"start":{"line":307,"column":8},"end":{"line":307,"column":23}},{"start":{"line":308,"column":8},"end":{"line":308,"column":66}},{"start":{"line":309,"column":8},"end":{"line":328,"column":15}}],"line":303},"37":{"loc":{"start":{"line":308,"column":10},"end":{"line":308,"column":65}},"type":"binary-expr","locations":[{"start":{"line":308,"column":10},"end":{"line":308,"column":38}},{"start":{"line":308,"column":42},"end":{"line":308,"column":65}}],"line":308},"38":{"loc":{"start":{"line":320,"column":13},"end":{"line":326,"column":13}},"type":"cond-expr","locations":[{"start":{"line":321,"column":14},"end":{"line":321,"column":62}},{"start":{"line":323,"column":14},"end":{"line":325,"column":17}}],"line":320},"39":{"loc":{"start":{"line":352,"column":12},"end":{"line":352,"column":63}},"type":"binary-expr","locations":[{"start":{"line":352,"column":12},"end":{"line":352,"column":38}},{"start":{"line":352,"column":42},"end":{"line":352,"column":63}}],"line":352},"40":{"loc":{"start":{"line":360,"column":14},"end":{"line":360,"column":69}},"type":"binary-expr","locations":[{"start":{"line":360,"column":14},"end":{"line":360,"column":40}},{"start":{"line":360,"column":44},"end":{"line":360,"column":69}}],"line":360},"41":{"loc":{"start":{"line":369,"column":12},"end":{"line":369,"column":65}},"type":"binary-expr","locations":[{"start":{"line":369,"column":12},"end":{"line":369,"column":40}},{"start":{"line":369,"column":44},"end":{"line":369,"column":65}}],"line":369},"42":{"loc":{"start":{"line":377,"column":14},"end":{"line":377,"column":71}},"type":"binary-expr","locations":[{"start":{"line":377,"column":14},"end":{"line":377,"column":42}},{"start":{"line":377,"column":46},"end":{"line":377,"column":71}}],"line":377},"43":{"loc":{"start":{"line":386,"column":7},"end":{"line":395,"column":7}},"type":"binary-expr","locations":[{"start":{"line":386,"column":7},"end":{"line":386,"column":18}},{"start":{"line":387,"column":8},"end":{"line":394,"column":15}}],"line":386},"44":{"loc":{"start":{"line":392,"column":22},"end":{"line":392,"column":59}},"type":"cond-expr","locations":[{"start":{"line":392,"column":38},"end":{"line":392,"column":54}},{"start":{"line":392,"column":57},"end":{"line":392,"column":59}}],"line":392},"45":{"loc":{"start":{"line":398,"column":9},"end":{"line":474,"column":9}},"type":"cond-expr","locations":[{"start":{"line":399,"column":10},"end":{"line":402,"column":17}},{"start":{"line":403,"column":12},"end":{"line":474,"column":9}}],"line":398},"46":{"loc":{"start":{"line":403,"column":12},"end":{"line":474,"column":9}},"type":"cond-expr","locations":[{"start":{"line":404,"column":10},"end":{"line":407,"column":17}},{"start":{"line":408,"column":12},"end":{"line":474,"column":9}}],"line":403},"47":{"loc":{"start":{"line":408,"column":12},"end":{"line":474,"column":9}},"type":"cond-expr","locations":[{"start":{"line":409,"column":10},"end":{"line":420,"column":13}},{"start":{"line":421,"column":12},"end":{"line":474,"column":9}}],"line":408},"48":{"loc":{"start":{"line":421,"column":12},"end":{"line":474,"column":9}},"type":"cond-expr","locations":[{"start":{"line":422,"column":10},"end":{"line":435,"column":17}},{"start":{"line":436,"column":12},"end":{"line":474,"column":9}}],"line":421},"49":{"loc":{"start":{"line":421,"column":12},"end":{"line":421,"column":67}},"type":"binary-expr","locations":[{"start":{"line":421,"column":12},"end":{"line":421,"column":40}},{"start":{"line":421,"column":44},"end":{"line":421,"column":67}}],"line":421},"50":{"loc":{"start":{"line":436,"column":12},"end":{"line":474,"column":9}},"type":"cond-expr","locations":[{"start":{"line":437,"column":10},"end":{"line":467,"column":13}},{"start":{"line":469,"column":10},"end":{"line":473,"column":17}}],"line":436},"51":{"loc":{"start":{"line":451,"column":13},"end":{"line":461,"column":13}},"type":"binary-expr","locations":[{"start":{"line":451,"column":13},"end":{"line":451,"column":28}},{"start":{"line":452,"column":14},"end":{"line":460,"column":21}}],"line":451},"52":{"loc":{"start":{"line":470,"column":13},"end":{"line":472,"column":72}},"type":"cond-expr","locations":[{"start":{"line":471,"column":16},"end":{"line":471,"column":73}},{"start":{"line":472,"column":16},"end":{"line":472,"column":72}}],"line":470},"53":{"loc":{"start":{"line":478,"column":9},"end":{"line":535,"column":9}},"type":"cond-expr","locations":[{"start":{"line":479,"column":10},"end":{"line":497,"column":29}},{"start":{"line":499,"column":10},"end":{"line":534,"column":17}}],"line":478},"54":{"loc":{"start":{"line":482,"column":14},"end":{"line":482,"column":58}},"type":"binary-expr","locations":[{"start":{"line":482,"column":14},"end":{"line":482,"column":25}},{"start":{"line":482,"column":29},"end":{"line":482,"column":58}}],"line":482},"55":{"loc":{"start":{"line":483,"column":14},"end":{"line":483,"column":58}},"type":"binary-expr","locations":[{"start":{"line":483,"column":14},"end":{"line":483,"column":26}},{"start":{"line":483,"column":30},"end":{"line":483,"column":58}}],"line":483},"56":{"loc":{"start":{"line":485,"column":21},"end":{"line":485,"column":67}},"type":"cond-expr","locations":[{"start":{"line":485,"column":35},"end":{"line":485,"column":48}},{"start":{"line":485,"column":51},"end":{"line":485,"column":67}}],"line":485},"57":{"loc":{"start":{"line":489,"column":13},"end":{"line":489,"column":60}},"type":"binary-expr","locations":[{"start":{"line":489,"column":13},"end":{"line":489,"column":24}},{"start":{"line":489,"column":28},"end":{"line":489,"column":60}}],"line":489},"58":{"loc":{"start":{"line":491,"column":15},"end":{"line":495,"column":33}},"type":"cond-expr","locations":[{"start":{"line":492,"column":18},"end":{"line":492,"column":33}},{"start":{"line":493,"column":18},"end":{"line":495,"column":33}}],"line":491},"59":{"loc":{"start":{"line":493,"column":18},"end":{"line":495,"column":33}},"type":"cond-expr","locations":[{"start":{"line":494,"column":20},"end":{"line":494,"column":28}},{"start":{"line":495,"column":20},"end":{"line":495,"column":33}}],"line":493},"60":{"loc":{"start":{"line":503,"column":16},"end":{"line":503,"column":60}},"type":"binary-expr","locations":[{"start":{"line":503,"column":16},"end":{"line":503,"column":27}},{"start":{"line":503,"column":31},"end":{"line":503,"column":60}}],"line":503},"61":{"loc":{"start":{"line":504,"column":16},"end":{"line":504,"column":60}},"type":"binary-expr","locations":[{"start":{"line":504,"column":16},"end":{"line":504,"column":28}},{"start":{"line":504,"column":32},"end":{"line":504,"column":60}}],"line":504},"62":{"loc":{"start":{"line":506,"column":23},"end":{"line":506,"column":69}},"type":"cond-expr","locations":[{"start":{"line":506,"column":37},"end":{"line":506,"column":50}},{"start":{"line":506,"column":53},"end":{"line":506,"column":69}}],"line":506},"63":{"loc":{"start":{"line":510,"column":15},"end":{"line":510,"column":62}},"type":"binary-expr","locations":[{"start":{"line":510,"column":15},"end":{"line":510,"column":26}},{"start":{"line":510,"column":30},"end":{"line":510,"column":62}}],"line":510},"64":{"loc":{"start":{"line":512,"column":17},"end":{"line":516,"column":32}},"type":"cond-expr","locations":[{"start":{"line":513,"column":20},"end":{"line":513,"column":23}},{"start":{"line":514,"column":20},"end":{"line":516,"column":32}}],"line":512},"65":{"loc":{"start":{"line":514,"column":20},"end":{"line":516,"column":32}},"type":"cond-expr","locations":[{"start":{"line":515,"column":22},"end":{"line":515,"column":29}},{"start":{"line":516,"column":22},"end":{"line":516,"column":32}}],"line":514},"66":{"loc":{"start":{"line":523,"column":16},"end":{"line":524,"column":46}},"type":"binary-expr","locations":[{"start":{"line":523,"column":17},"end":{"line":523,"column":42}},{"start":{"line":523,"column":46},"end":{"line":523,"column":58}},{"start":{"line":524,"column":18},"end":{"line":524,"column":46}}],"line":523},"67":{"loc":{"start":{"line":527,"column":24},"end":{"line":527,"column":80}},"type":"binary-expr","locations":[{"start":{"line":527,"column":24},"end":{"line":527,"column":49}},{"start":{"line":527,"column":53},"end":{"line":527,"column":65}},{"start":{"line":527,"column":69},"end":{"line":527,"column":80}}],"line":527},"68":{"loc":{"start":{"line":531,"column":17},"end":{"line":531,"column":49}},"type":"cond-expr","locations":[{"start":{"line":531,"column":32},"end":{"line":531,"column":35}},{"start":{"line":531,"column":38},"end":{"line":531,"column":49}}],"line":531},"69":{"loc":{"start":{"line":601,"column":9},"end":{"line":601,"column":40}},"type":"cond-expr","locations":[{"start":{"line":601,"column":33},"end":{"line":601,"column":35}},{"start":{"line":601,"column":38},"end":{"line":601,"column":40}}],"line":601},"70":{"loc":{"start":{"line":616,"column":9},"end":{"line":616,"column":40}},"type":"cond-expr","locations":[{"start":{"line":616,"column":33},"end":{"line":616,"column":35}},{"start":{"line":616,"column":38},"end":{"line":616,"column":40}}],"line":616},"71":{"loc":{"start":{"line":664,"column":9},"end":{"line":664,"column":40}},"type":"cond-expr","locations":[{"start":{"line":664,"column":33},"end":{"line":664,"column":35}},{"start":{"line":664,"column":38},"end":{"line":664,"column":40}}],"line":664}},"s":{"0":1,"1":1,"2":1,"3":76,"4":76,"5":76,"6":76,"7":76,"8":76,"9":76,"10":76,"11":76,"12":76,"13":76,"14":76,"15":76,"16":76,"17":76,"18":76,"19":76,"20":32,"21":29,"22":3,"23":3,"24":3,"25":3,"26":76,"27":32,"28":29,"29":3,"30":29,"31":29,"32":3,"33":3,"34":6,"35":6,"36":1,"37":1,"38":1,"39":5,"40":3,"41":3,"42":3,"43":76,"44":1,"45":75,"46":2,"47":73,"48":3,"49":3,"50":73,"51":8,"52":8,"53":8,"54":8,"55":8,"56":8,"57":8,"58":8,"59":73,"60":1,"61":1,"62":1,"63":1,"64":1,"65":1,"66":1,"67":73,"68":11,"69":0,"70":11,"71":11,"72":11,"73":11,"74":11,"75":11,"76":11,"77":11,"78":11,"79":0,"80":11,"81":4,"82":4,"83":4,"84":7,"85":7,"86":6,"87":1,"88":1,"89":1,"90":1,"91":1,"92":1,"93":1,"94":11,"95":73,"96":2,"97":0,"98":2,"99":2,"100":2,"101":2,"102":2,"103":2,"104":2,"105":1,"106":1,"107":1,"108":1,"109":1,"110":2,"111":73,"112":5,"113":0,"114":5,"115":5,"116":5,"117":5,"118":5,"119":5,"120":4,"121":1,"122":3,"123":1,"124":1,"125":1,"126":2,"127":2,"128":2,"129":1,"130":1,"131":1,"132":1,"133":1,"134":1,"135":5,"136":73,"137":1,"138":1,"139":73,"140":8,"141":8,"142":8,"143":8,"144":8,"145":0,"146":8,"147":73,"148":1,"149":1,"150":1,"151":1,"152":1,"153":1,"154":1,"155":0,"156":1,"157":73,"158":1,"159":1,"160":1,"161":73,"162":7,"163":7,"164":7,"165":7,"166":7,"167":7,"168":73,"169":1,"170":6,"171":1,"172":1,"173":3,"174":1},"f":{"0":76,"1":32,"2":3,"3":32,"4":6,"5":6,"6":3,"7":3,"8":3,"9":8,"10":1,"11":11,"12":4,"13":2,"14":5,"15":1,"16":1,"17":8,"18":1,"19":1,"20":7,"21":1,"22":6,"23":1,"24":3},"b":{"0":[76,68],"1":[29,3],"2":[29,3],"3":[3,26],"4":[1,5],"5":[1,0],"6":[3,0],"7":[1,75],"8":[2,73],"9":[2,1],"10":[8,0],"11":[8,0],"12":[8,0],"13":[1,0],"14":[0,11],"15":[11,11],"16":[0,11],"17":[4,7],"18":[1,0],"19":[0,2],"20":[2,2],"21":[1,0],"22":[0,5],"23":[1,3],"24":[4,3],"25":[1,2],"26":[1,0],"27":[1,0],"28":[1,1],"29":[1,7],"30":[0,8],"31":[0,1],"32":[1,0],"33":[0,1],"34":[1,1],"35":[1,0],"36":[73,65,54,46,43,42,37],"37":[42,12],"38":[7,30],"39":[73,58],"40":[73,58],"41":[73,15],"42":[73,15],"43":[73,8],"44":[4,4],"45":[11,62],"46":[3,59],"47":[1,58],"48":[5,53],"49":[58,12],"50":[8,45],"51":[8,2],"52":[7,38],"53":[58,15],"54":[58,8],"55":[58,10],"56":[8,50],"57":[58,8],"58":[10,48],"59":[8,40],"60":[15,0],"61":[15,1],"62":[0,15],"63":[15,0],"64":[1,14],"65":[0,14],"66":[15,8,8],"67":[15,8,7],"68":[1,14],"69":[1,0],"70":[1,0],"71":[1,0]},"_coverageSchema":"1a1c01bbd47fc00a2c39e90264f33305004495a9","hash":"5c1f98b70a50bf0412ead5ded5aaec2f5b72f9d2"}
,"/Users/mariashuruima/Downloads/EyeHearU/mobile/app/history.tsx": {"path":"/Users/mariashuruima/Downloads/EyeHearU/mobile/app/history.tsx","statementMap":{"0":{"start":{"line":13,"column":20},"end":{"line":13,"column":38}},"1":{"start":{"line":15,"column":14},"end":{"line":23,"column":1}},"2":{"start":{"line":33,"column":15},"end":{"line":33,"column":51}},"3":{"start":{"line":34,"column":15},"end":{"line":34,"column":40}},"4":{"start":{"line":35,"column":2},"end":{"line":35,"column":34}},"5":{"start":{"line":35,"column":16},"end":{"line":35,"column":34}},"6":{"start":{"line":36,"column":2},"end":{"line":36,"column":39}},"7":{"start":{"line":36,"column":17},"end":{"line":36,"column":39}},"8":{"start":{"line":37,"column":14},"end":{"line":37,"column":35}},"9":{"start":{"line":38,"column":2},"end":{"line":38,"column":37}},"10":{"start":{"line":38,"column":16},"end":{"line":38,"column":37}},"11":{"start":{"line":39,"column":15},"end":{"line":39,"column":35}},"12":{"start":{"line":40,"column":2},"end":{"line":40,"column":24}},"13":{"start":{"line":44,"column":32},"end":{"line":44,"column":59}},"14":{"start":{"line":46,"column":2},"end":{"line":50,"column":4}},"15":{"start":{"line":48,"column":6},"end":{"line":48,"column":20}},"16":{"start":{"line":52,"column":22},"end":{"line":59,"column":3}},"17":{"start":{"line":53,"column":4},"end":{"line":58,"column":5}},"18":{"start":{"line":54,"column":18},"end":{"line":54,"column":57}},"19":{"start":{"line":55,"column":6},"end":{"line":55,"column":45}},"20":{"start":{"line":57,"column":6},"end":{"line":57,"column":21}},"21":{"start":{"line":61,"column":23},"end":{"line":73,"column":3}},"22":{"start":{"line":62,"column":4},"end":{"line":72,"column":7}},"23":{"start":{"line":68,"column":10},"end":{"line":68,"column":53}},"24":{"start":{"line":69,"column":10},"end":{"line":69,"column":25}},"25":{"start":{"line":75,"column":2},"end":{"line":119,"column":4}},"26":{"start":{"line":89,"column":36},"end":{"line":89,"column":43}},"27":{"start":{"line":92,"column":14},"end":{"line":110,"column":21}},"28":{"start":{"line":122,"column":15},"end":{"line":189,"column":2}}},"fnMap":{"0":{"name":"timeAgo","decl":{"start":{"line":32,"column":9},"end":{"line":32,"column":16}},"loc":{"start":{"line":32,"column":38},"end":{"line":41,"column":1}},"line":32},"1":{"name":"HistoryScreen","decl":{"start":{"line":43,"column":24},"end":{"line":43,"column":37}},"loc":{"start":{"line":43,"column":40},"end":{"line":120,"column":1}},"line":43},"2":{"name":"(anonymous_2)","decl":{"start":{"line":47,"column":16},"end":{"line":47,"column":17}},"loc":{"start":{"line":47,"column":22},"end":{"line":49,"column":5}},"line":47},"3":{"name":"(anonymous_3)","decl":{"start":{"line":52,"column":22},"end":{"line":52,"column":23}},"loc":{"start":{"line":52,"column":34},"end":{"line":59,"column":3}},"line":52},"4":{"name":"(anonymous_4)","decl":{"start":{"line":61,"column":23},"end":{"line":61,"column":24}},"loc":{"start":{"line":61,"column":29},"end":{"line":73,"column":3}},"line":61},"5":{"name":"(anonymous_5)","decl":{"start":{"line":67,"column":17},"end":{"line":67,"column":18}},"loc":{"start":{"line":67,"column":29},"end":{"line":70,"column":9}},"line":67},"6":{"name":"(anonymous_6)","decl":{"start":{"line":89,"column":26},"end":{"line":89,"column":27}},"loc":{"start":{"line":89,"column":36},"end":{"line":89,"column":43}},"line":89},"7":{"name":"(anonymous_7)","decl":{"start":{"line":91,"column":24},"end":{"line":91,"column":25}},"loc":{"start":{"line":92,"column":14},"end":{"line":110,"column":21}},"line":92}},"branchMap":{"0":{"loc":{"start":{"line":35,"column":2},"end":{"line":35,"column":34}},"type":"if","locations":[{"start":{"line":35,"column":2},"end":{"line":35,"column":34}},{"start":{},"end":{}}],"line":35},"1":{"loc":{"start":{"line":36,"column":2},"end":{"line":36,"column":39}},"type":"if","locations":[{"start":{"line":36,"column":2},"end":{"line":36,"column":39}},{"start":{},"end":{}}],"line":36},"2":{"loc":{"start":{"line":38,"column":2},"end":{"line":38,"column":37}},"type":"if","locations":[{"start":{"line":38,"column":2},"end":{"line":38,"column":37}},{"start":{},"end":{}}],"line":38},"3":{"loc":{"start":{"line":55,"column":17},"end":{"line":55,"column":43}},"type":"cond-expr","locations":[{"start":{"line":55,"column":23},"end":{"line":55,"column":38}},{"start":{"line":55,"column":41},"end":{"line":55,"column":43}}],"line":55},"4":{"loc":{"start":{"line":77,"column":7},"end":{"line":117,"column":7}},"type":"cond-expr","locations":[{"start":{"line":78,"column":8},"end":{"line":84,"column":15}},{"start":{"line":86,"column":8},"end":{"line":116,"column":11}}],"line":77}},"s":{"0":1,"1":1,"2":7,"3":7,"4":7,"5":4,"6":3,"7":1,"8":2,"9":2,"10":1,"11":1,"12":1,"13":19,"14":19,"15":9,"16":19,"17":9,"18":9,"19":8,"20":1,"21":19,"22":2,"23":1,"24":1,"25":19,"26":13,"27":7,"28":1},"f":{"0":7,"1":19,"2":9,"3":9,"4":2,"5":1,"6":13,"7":7},"b":{"0":[4,3],"1":[1,2],"2":[1,1],"3":[6,2],"4":[13,6]},"_coverageSchema":"1a1c01bbd47fc00a2c39e90264f33305004495a9","hash":"21db1edd79cb0a179b8c6ce1aa7a4b132ba0a069"}
,"/Users/mariashuruima/Downloads/EyeHearU/mobile/app/index.tsx": {"path":"/Users/mariashuruima/Downloads/EyeHearU/mobile/app/index.tsx","statementMap":{"0":{"start":{"line":11,"column":14},"end":{"line":20,"column":1}},"1":{"start":{"line":23,"column":19},"end":{"line":23,"column":56}},"2":{"start":{"line":25,"column":2},"end":{"line":34,"column":17}},"3":{"start":{"line":26,"column":17},"end":{"line":31,"column":5}},"4":{"start":{"line":32,"column":4},"end":{"line":32,"column":17}},"5":{"start":{"line":33,"column":4},"end":{"line":33,"column":29}},"6":{"start":{"line":33,"column":17},"end":{"line":33,"column":28}},"7":{"start":{"line":36,"column":21},"end":{"line":39,"column":4}},"8":{"start":{"line":41,"column":2},"end":{"line":81,"column":4}},"9":{"start":{"line":60,"column":25},"end":{"line":60,"column":47}},"10":{"start":{"line":69,"column":25},"end":{"line":69,"column":48}},"11":{"start":{"line":84,"column":15},"end":{"line":139,"column":2}}},"fnMap":{"0":{"name":"HomeScreen","decl":{"start":{"line":22,"column":24},"end":{"line":22,"column":34}},"loc":{"start":{"line":22,"column":37},"end":{"line":82,"column":1}},"line":22},"1":{"name":"(anonymous_1)","decl":{"start":{"line":25,"column":12},"end":{"line":25,"column":13}},"loc":{"start":{"line":25,"column":18},"end":{"line":34,"column":3}},"line":25},"2":{"name":"(anonymous_2)","decl":{"start":{"line":33,"column":11},"end":{"line":33,"column":12}},"loc":{"start":{"line":33,"column":17},"end":{"line":33,"column":28}},"line":33},"3":{"name":"(anonymous_3)","decl":{"start":{"line":60,"column":19},"end":{"line":60,"column":20}},"loc":{"start":{"line":60,"column":25},"end":{"line":60,"column":47}},"line":60},"4":{"name":"(anonymous_4)","decl":{"start":{"line":69,"column":19},"end":{"line":69,"column":20}},"loc":{"start":{"line":69,"column":25},"end":{"line":69,"column":48}},"line":69}},"branchMap":{},"s":{"0":1,"1":4,"2":4,"3":4,"4":4,"5":4,"6":4,"7":4,"8":4,"9":1,"10":1,"11":1},"f":{"0":4,"1":4,"2":4,"3":1,"4":1},"b":{},"_coverageSchema":"1a1c01bbd47fc00a2c39e90264f33305004495a9","hash":"e2cb1e4b671362e1bf71bb5927cddc89c459cf3d"}
,"/Users/mariashuruima/Downloads/EyeHearU/mobile/services/api.ts": {"path":"/Users/mariashuruima/Downloads/EyeHearU/mobile/services/api.ts","statementMap":{"0":{"start":{"line":26,"column":2},"end":{"line":26,"column":33}},"1":{"start":{"line":31,"column":24},"end":{"line":33,"column":11}},"2":{"start":{"line":34,"column":2},"end":{"line":36,"column":3}},"3":{"start":{"line":35,"column":4},"end":{"line":35,"column":43}},"4":{"start":{"line":38,"column":2},"end":{"line":40,"column":3}},"5":{"start":{"line":39,"column":4},"end":{"line":39,"column":38}},"6":{"start":{"line":41,"column":18},"end":{"line":41,"column":57}},"7":{"start":{"line":42,"column":2},"end":{"line":44,"column":3}},"8":{"start":{"line":43,"column":4},"end":{"line":43,"column":37}},"9":{"start":{"line":46,"column":2},"end":{"line":46,"column":33}},"10":{"start":{"line":49,"column":28},"end":{"line":49,"column":47}},"11":{"start":{"line":51,"column":46},"end":{"line":53,"column":6}},"12":{"start":{"line":89,"column":2},"end":{"line":89,"column":53}},"13":{"start":{"line":89,"column":40},"end":{"line":89,"column":53}},"14":{"start":{"line":90,"column":12},"end":{"line":90,"column":30}},"15":{"start":{"line":91,"column":2},"end":{"line":96,"column":4}},"16":{"start":{"line":103,"column":2},"end":{"line":110,"column":3}},"17":{"start":{"line":104,"column":4},"end":{"line":109,"column":6}},"18":{"start":{"line":111,"column":2},"end":{"line":113,"column":3}},"19":{"start":{"line":112,"column":4},"end":{"line":112,"column":116}},"20":{"start":{"line":114,"column":2},"end":{"line":114,"column":48}},"21":{"start":{"line":121,"column":19},"end":{"line":121,"column":33}},"22":{"start":{"line":122,"column":2},"end":{"line":126,"column":12}},"23":{"start":{"line":128,"column":19},"end":{"line":132,"column":4}},"24":{"start":{"line":134,"column":15},"end":{"line":134,"column":36}},"25":{"start":{"line":136,"column":2},"end":{"line":139,"column":3}},"26":{"start":{"line":137,"column":17},"end":{"line":137,"column":57}},"27":{"start":{"line":138,"column":4},"end":{"line":138,"column":71}},"28":{"start":{"line":141,"column":2},"end":{"line":141,"column":46}},"29":{"start":{"line":151,"column":2},"end":{"line":153,"column":3}},"30":{"start":{"line":152,"column":4},"end":{"line":152,"column":52}},"31":{"start":{"line":154,"column":19},"end":{"line":154,"column":33}},"32":{"start":{"line":155,"column":2},"end":{"line":161,"column":5}},"33":{"start":{"line":156,"column":4},"end":{"line":160,"column":14}},"34":{"start":{"line":163,"column":17},"end":{"line":163,"column":38}},"35":{"start":{"line":164,"column":2},"end":{"line":166,"column":3}},"36":{"start":{"line":165,"column":4},"end":{"line":165,"column":51}},"37":{"start":{"line":167,"column":2},"end":{"line":169,"column":3}},"38":{"start":{"line":168,"column":4},"end":{"line":168,"column":51}},"39":{"start":{"line":170,"column":2},"end":{"line":172,"column":3}},"40":{"start":{"line":171,"column":4},"end":{"line":171,"column":43}},"41":{"start":{"line":173,"column":12},"end":{"line":173,"column":29}},"42":{"start":{"line":174,"column":14},"end":{"line":174,"column":74}},"43":{"start":{"line":176,"column":19},"end":{"line":180,"column":4}},"44":{"start":{"line":182,"column":15},"end":{"line":182,"column":36}},"45":{"start":{"line":184,"column":2},"end":{"line":187,"column":3}},"46":{"start":{"line":185,"column":17},"end":{"line":185,"column":57}},"47":{"start":{"line":186,"column":4},"end":{"line":186,"column":80}},"48":{"start":{"line":189,"column":2},"end":{"line":189,"column":54}},"49":{"start":{"line":203,"column":2},"end":{"line":231,"column":3}},"50":{"start":{"line":204,"column":21},"end":{"line":206,"column":6}},"51":{"start":{"line":207,"column":17},"end":{"line":207,"column":38}},"52":{"start":{"line":209,"column":4},"end":{"line":215,"column":5}},"53":{"start":{"line":210,"column":6},"end":{"line":214,"column":8}},"54":{"start":{"line":218,"column":4},"end":{"line":222,"column":5}},"55":{"start":{"line":219,"column":6},"end":{"line":219,"column":30}},"56":{"start":{"line":221,"column":6},"end":{"line":221,"column":76}},"57":{"start":{"line":224,"column":4},"end":{"line":228,"column":6}},"58":{"start":{"line":230,"column":4},"end":{"line":230,"column":74}}},"fnMap":{"0":{"name":"normalizeBaseUrl","decl":{"start":{"line":25,"column":9},"end":{"line":25,"column":25}},"loc":{"start":{"line":25,"column":47},"end":{"line":27,"column":1}},"line":25},"1":{"name":"resolveApiBaseUrl","decl":{"start":{"line":29,"column":9},"end":{"line":29,"column":26}},"loc":{"start":{"line":29,"column":37},"end":{"line":47,"column":1}},"line":29},"2":{"name":"isTunnelUnavailable","decl":{"start":{"line":88,"column":16},"end":{"line":88,"column":35}},"loc":{"start":{"line":88,"column":75},"end":{"line":97,"column":1}},"line":88},"3":{"name":"explainApiFailure","decl":{"start":{"line":102,"column":16},"end":{"line":102,"column":33}},"loc":{"start":{"line":102,"column":72},"end":{"line":115,"column":1}},"line":102},"4":{"name":"predictSign","decl":{"start":{"line":120,"column":22},"end":{"line":120,"column":33}},"loc":{"start":{"line":120,"column":79},"end":{"line":142,"column":1}},"line":120},"5":{"name":"predictSentence","decl":{"start":{"line":147,"column":22},"end":{"line":147,"column":37}},"loc":{"start":{"line":150,"column":37},"end":{"line":190,"column":1}},"line":150},"6":{"name":"(anonymous_6)","decl":{"start":{"line":155,"column":20},"end":{"line":155,"column":21}},"loc":{"start":{"line":155,"column":32},"end":{"line":161,"column":3}},"line":155},"7":{"name":"checkHealth","decl":{"start":{"line":202,"column":22},"end":{"line":202,"column":33}},"loc":{"start":{"line":202,"column":59},"end":{"line":232,"column":1}},"line":202}},"branchMap":{"0":{"loc":{"start":{"line":34,"column":2},"end":{"line":36,"column":3}},"type":"if","locations":[{"start":{"line":34,"column":2},"end":{"line":36,"column":3}},{"start":{},"end":{}}],"line":34},"1":{"loc":{"start":{"line":38,"column":2},"end":{"line":40,"column":3}},"type":"if","locations":[{"start":{"line":38,"column":2},"end":{"line":40,"column":3}},{"start":{},"end":{}}],"line":38},"2":{"loc":{"start":{"line":42,"column":2},"end":{"line":44,"column":3}},"type":"if","locations":[{"start":{"line":42,"column":2},"end":{"line":44,"column":3}},{"start":{},"end":{}}],"line":42},"3":{"loc":{"start":{"line":51,"column":46},"end":{"line":53,"column":6}},"type":"cond-expr","locations":[{"start":{"line":52,"column":4},"end":{"line":52,"column":40}},{"start":{"line":53,"column":4},"end":{"line":53,"column":6}}],"line":51},"4":{"loc":{"start":{"line":89,"column":2},"end":{"line":89,"column":53}},"type":"if","locations":[{"start":{"line":89,"column":2},"end":{"line":89,"column":53}},{"start":{},"end":{}}],"line":89},"5":{"loc":{"start":{"line":89,"column":6},"end":{"line":89,"column":38}},"type":"binary-expr","locations":[{"start":{"line":89,"column":6},"end":{"line":89,"column":20}},{"start":{"line":89,"column":24},"end":{"line":89,"column":38}}],"line":89},"6":{"loc":{"start":{"line":92,"column":4},"end":{"line":95,"column":29}},"type":"binary-expr","locations":[{"start":{"line":92,"column":4},"end":{"line":92,"column":24}},{"start":{"line":93,"column":4},"end":{"line":93,"column":29}},{"start":{"line":94,"column":4},"end":{"line":94,"column":25}},{"start":{"line":95,"column":4},"end":{"line":95,"column":29}}],"line":92},"7":{"loc":{"start":{"line":103,"column":2},"end":{"line":110,"column":3}},"type":"if","locations":[{"start":{"line":103,"column":2},"end":{"line":110,"column":3}},{"start":{},"end":{}}],"line":103},"8":{"loc":{"start":{"line":111,"column":2},"end":{"line":113,"column":3}},"type":"if","locations":[{"start":{"line":111,"column":2},"end":{"line":113,"column":3}},{"start":{},"end":{}}],"line":111},"9":{"loc":{"start":{"line":114,"column":9},"end":{"line":114,"column":47}},"type":"binary-expr","locations":[{"start":{"line":114,"column":9},"end":{"line":114,"column":27}},{"start":{"line":114,"column":31},"end":{"line":114,"column":47}}],"line":114},"10":{"loc":{"start":{"line":136,"column":2},"end":{"line":139,"column":3}},"type":"if","locations":[{"start":{"line":136,"column":2},"end":{"line":139,"column":3}},{"start":{},"end":{}}],"line":136},"11":{"loc":{"start":{"line":151,"column":2},"end":{"line":153,"column":3}},"type":"if","locations":[{"start":{"line":151,"column":2},"end":{"line":153,"column":3}},{"start":{},"end":{}}],"line":151},"12":{"loc":{"start":{"line":164,"column":2},"end":{"line":166,"column":3}},"type":"if","locations":[{"start":{"line":164,"column":2},"end":{"line":166,"column":3}},{"start":{},"end":{}}],"line":164},"13":{"loc":{"start":{"line":167,"column":2},"end":{"line":169,"column":3}},"type":"if","locations":[{"start":{"line":167,"column":2},"end":{"line":169,"column":3}},{"start":{},"end":{}}],"line":167},"14":{"loc":{"start":{"line":170,"column":2},"end":{"line":172,"column":3}},"type":"if","locations":[{"start":{"line":170,"column":2},"end":{"line":172,"column":3}},{"start":{},"end":{}}],"line":170},"15":{"loc":{"start":{"line":174,"column":56},"end":{"line":174,"column":72}},"type":"cond-expr","locations":[{"start":{"line":174,"column":60},"end":{"line":174,"column":67}},{"start":{"line":174,"column":70},"end":{"line":174,"column":72}}],"line":174},"16":{"loc":{"start":{"line":184,"column":2},"end":{"line":187,"column":3}},"type":"if","locations":[{"start":{"line":184,"column":2},"end":{"line":187,"column":3}},{"start":{},"end":{}}],"line":184},"17":{"loc":{"start":{"line":209,"column":4},"end":{"line":215,"column":5}},"type":"if","locations":[{"start":{"line":209,"column":4},"end":{"line":215,"column":5}},{"start":{},"end":{}}],"line":209}},"s":{"0":4,"1":6,"2":6,"3":3,"4":3,"5":1,"6":2,"7":2,"8":1,"9":1,"10":6,"11":6,"12":23,"13":7,"14":16,"15":16,"16":7,"17":3,"18":4,"19":1,"20":3,"21":4,"22":4,"23":4,"24":3,"25":3,"26":1,"27":1,"28":2,"29":5,"30":1,"31":4,"32":4,"33":5,"34":4,"35":4,"36":1,"37":4,"38":1,"39":4,"40":1,"41":4,"42":4,"43":4,"44":3,"45":3,"46":1,"47":1,"48":2,"49":7,"50":7,"51":6,"52":6,"53":2,"54":4,"55":4,"56":1,"57":3,"58":1},"f":{"0":4,"1":6,"2":23,"3":7,"4":4,"5":5,"6":5,"7":7},"b":{"0":[3,3],"1":[1,2],"2":[1,1],"3":[1,5],"4":[7,16],"5":[23,11],"6":[16,7,5,3],"7":[3,4],"8":[1,3],"9":[3,1],"10":[1,2],"11":[1,4],"12":[1,3],"13":[1,3],"14":[1,3],"15":[1,3],"16":[1,2],"17":[2,4]},"_coverageSchema":"1a1c01bbd47fc00a2c39e90264f33305004495a9","hash":"d9852e7bca21fa38b6388acdc1e74fb8d8380030"}
}
