{"/Users/mariashuruima/Downloads/EyeHearU/mobile/app/camera.tsx": {"path":"/Users/mariashuruima/Downloads/EyeHearU/mobile/app/camera.tsx","statementMap":{"0":{"start":{"line":18,"column":26},"end":{"line":18,"column":27}},"1":{"start":{"line":19,"column":20},"end":{"line":19,"column":38}},"2":{"start":{"line":21,"column":14},"end":{"line":30,"column":1}},"3":{"start":{"line":33,"column":42},"end":{"line":33,"column":64}},"4":{"start":{"line":34,"column":38},"end":{"line":34,"column":67}},"5":{"start":{"line":35,"column":38},"end":{"line":35,"column":57}},"6":{"start":{"line":36,"column":26},"end":{"line":36,"column":78}},"7":{"start":{"line":37,"column":40},"end":{"line":37,"column":55}},"8":{"start":{"line":38,"column":42},"end":{"line":38,"column":57}},"9":{"start":{"line":39,"column":42},"end":{"line":39,"column":71}},"10":{"start":{"line":40,"column":30},"end":{"line":40,"column":59}},"11":{"start":{"line":41,"column":36},"end":{"line":41,"column":55}},"12":{"start":{"line":42,"column":20},"end":{"line":42,"column":44}},"13":{"start":{"line":43,"column":20},"end":{"line":43,"column":57}},"14":{"start":{"line":44,"column":23},"end":{"line":44,"column":74}},"15":{"start":{"line":45,"column":15},"end":{"line":45,"column":42}},"16":{"start":{"line":48,"column":2},"end":{"line":66,"column":31}},"17":{"start":{"line":49,"column":4},"end":{"line":49,"column":29}},"18":{"start":{"line":49,"column":22},"end":{"line":49,"column":29}},"19":{"start":{"line":50,"column":17},"end":{"line":63,"column":5}},"20":{"start":{"line":64,"column":4},"end":{"line":64,"column":17}},"21":{"start":{"line":65,"column":4},"end":{"line":65,"column":29}},"22":{"start":{"line":65,"column":17},"end":{"line":65,"column":28}},"23":{"start":{"line":69,"column":2},"end":{"line":88,"column":20}},"24":{"start":{"line":70,"column":4},"end":{"line":74,"column":5}},"25":{"start":{"line":71,"column":6},"end":{"line":71,"column":68}},"26":{"start":{"line":71,"column":32},"end":{"line":71,"column":68}},"27":{"start":{"line":72,"column":6},"end":{"line":72,"column":22}},"28":{"start":{"line":73,"column":6},"end":{"line":73,"column":13}},"29":{"start":{"line":75,"column":4},"end":{"line":75,"column":36}},"30":{"start":{"line":76,"column":4},"end":{"line":84,"column":13}},"31":{"start":{"line":77,"column":6},"end":{"line":83,"column":9}},"32":{"start":{"line":78,"column":8},"end":{"line":81,"column":9}},"33":{"start":{"line":79,"column":10},"end":{"line":79,"column":72}},"34":{"start":{"line":79,"column":36},"end":{"line":79,"column":72}},"35":{"start":{"line":80,"column":10},"end":{"line":80,"column":19}},"36":{"start":{"line":82,"column":8},"end":{"line":82,"column":24}},"37":{"start":{"line":85,"column":4},"end":{"line":87,"column":6}},"38":{"start":{"line":86,"column":6},"end":{"line":86,"column":68}},"39":{"start":{"line":86,"column":32},"end":{"line":86,"column":68}},"40":{"start":{"line":90,"column":2},"end":{"line":90,"column":60}},"41":{"start":{"line":90,"column":19},"end":{"line":90,"column":60}},"42":{"start":{"line":92,"column":2},"end":{"line":105,"column":3}},"43":{"start":{"line":93,"column":4},"end":{"line":104,"column":6}},"44":{"start":{"line":107,"column":23},"end":{"line":109,"column":3}},"45":{"start":{"line":108,"column":4},"end":{"line":108,"column":63}},"46":{"start":{"line":108,"column":25},"end":{"line":108,"column":60}},"47":{"start":{"line":111,"column":33},"end":{"line":122,"column":3}},"48":{"start":{"line":112,"column":4},"end":{"line":112,"column":31}},"49":{"start":{"line":113,"column":4},"end":{"line":113,"column":37}},"50":{"start":{"line":114,"column":4},"end":{"line":114,"column":32}},"51":{"start":{"line":116,"column":4},"end":{"line":121,"column":5}},"52":{"start":{"line":117,"column":6},"end":{"line":117,"column":34}},"53":{"start":{"line":118,"column":6},"end":{"line":120,"column":7}},"54":{"start":{"line":119,"column":8},"end":{"line":119,"column":68}},"55":{"start":{"line":124,"column":27},"end":{"line":154,"column":3}},"56":{"start":{"line":125,"column":4},"end":{"line":125,"column":43}},"57":{"start":{"line":125,"column":36},"end":{"line":125,"column":43}},"58":{"start":{"line":127,"column":4},"end":{"line":127,"column":25}},"59":{"start":{"line":128,"column":4},"end":{"line":128,"column":24}},"60":{"start":{"line":129,"column":4},"end":{"line":129,"column":16}},"61":{"start":{"line":130,"column":4},"end":{"line":130,"column":26}},"62":{"start":{"line":132,"column":4},"end":{"line":153,"column":5}},"63":{"start":{"line":133,"column":20},"end":{"line":135,"column":8}},"64":{"start":{"line":137,"column":6},"end":{"line":137,"column":28}},"65":{"start":{"line":138,"column":6},"end":{"line":138,"column":30}},"66":{"start":{"line":138,"column":23},"end":{"line":138,"column":30}},"67":{"start":{"line":140,"column":6},"end":{"line":140,"column":28}},"68":{"start":{"line":141,"column":39},"end":{"line":141,"column":67}},"69":{"start":{"line":142,"column":6},"end":{"line":142,"column":43}},"70":{"start":{"line":144,"column":6},"end":{"line":144,"column":49}},"71":{"start":{"line":145,"column":18},"end":{"line":145,"column":72}},"72":{"start":{"line":146,"column":6},"end":{"line":146,"column":27}},"73":{"start":{"line":147,"column":6},"end":{"line":147,"column":26}},"74":{"start":{"line":148,"column":6},"end":{"line":148,"column":23}},"75":{"start":{"line":149,"column":6},"end":{"line":149,"column":18}},"76":{"start":{"line":150,"column":6},"end":{"line":150,"column":28}},"77":{"start":{"line":152,"column":6},"end":{"line":152,"column":29}},"78":{"start":{"line":156,"column":25},"end":{"line":185,"column":3}},"79":{"start":{"line":157,"column":4},"end":{"line":157,"column":21}},"80":{"start":{"line":157,"column":14},"end":{"line":157,"column":21}},"81":{"start":{"line":159,"column":4},"end":{"line":159,"column":24}},"82":{"start":{"line":160,"column":4},"end":{"line":160,"column":16}},"83":{"start":{"line":161,"column":4},"end":{"line":161,"column":26}},"84":{"start":{"line":163,"column":4},"end":{"line":184,"column":5}},"85":{"start":{"line":164,"column":21},"end":{"line":168,"column":8}},"86":{"start":{"line":170,"column":6},"end":{"line":170,"column":62}},"87":{"start":{"line":170,"column":55},"end":{"line":170,"column":62}},"88":{"start":{"line":172,"column":6},"end":{"line":172,"column":28}},"89":{"start":{"line":173,"column":43},"end":{"line":173,"column":82}},"90":{"start":{"line":174,"column":6},"end":{"line":174,"column":47}},"91":{"start":{"line":176,"column":6},"end":{"line":176,"column":56}},"92":{"start":{"line":177,"column":18},"end":{"line":177,"column":72}},"93":{"start":{"line":178,"column":6},"end":{"line":178,"column":27}},"94":{"start":{"line":179,"column":6},"end":{"line":179,"column":26}},"95":{"start":{"line":180,"column":6},"end":{"line":180,"column":23}},"96":{"start":{"line":181,"column":6},"end":{"line":181,"column":18}},"97":{"start":{"line":183,"column":6},"end":{"line":183,"column":29}},"98":{"start":{"line":187,"column":24},"end":{"line":191,"column":3}},"99":{"start":{"line":188,"column":4},"end":{"line":190,"column":5}},"100":{"start":{"line":189,"column":6},"end":{"line":189,"column":40}},"101":{"start":{"line":193,"column":24},"end":{"line":206,"column":3}},"102":{"start":{"line":194,"column":4},"end":{"line":205,"column":14}},"103":{"start":{"line":195,"column":18},"end":{"line":195,"column":57}},"104":{"start":{"line":196,"column":22},"end":{"line":196,"column":48}},"105":{"start":{"line":197,"column":6},"end":{"line":202,"column":9}},"106":{"start":{"line":203,"column":6},"end":{"line":203,"column":53}},"107":{"start":{"line":203,"column":32},"end":{"line":203,"column":53}},"108":{"start":{"line":204,"column":6},"end":{"line":204,"column":71}},"109":{"start":{"line":208,"column":26},"end":{"line":212,"column":3}},"110":{"start":{"line":209,"column":4},"end":{"line":211,"column":5}},"111":{"start":{"line":210,"column":6},"end":{"line":210,"column":65}},"112":{"start":{"line":214,"column":2},"end":{"line":338,"column":4}},"113":{"start":{"line":295,"column":18},"end":{"line":299,"column":25}},"114":{"start":{"line":341,"column":15},"end":{"line":551,"column":2}}},"fnMap":{"0":{"name":"CameraScreen","decl":{"start":{"line":32,"column":24},"end":{"line":32,"column":36}},"loc":{"start":{"line":32,"column":39},"end":{"line":339,"column":1}},"line":32},"1":{"name":"(anonymous_1)","decl":{"start":{"line":48,"column":12},"end":{"line":48,"column":13}},"loc":{"start":{"line":48,"column":18},"end":{"line":66,"column":3}},"line":48},"2":{"name":"(anonymous_2)","decl":{"start":{"line":65,"column":11},"end":{"line":65,"column":12}},"loc":{"start":{"line":65,"column":17},"end":{"line":65,"column":28}},"line":65},"3":{"name":"(anonymous_3)","decl":{"start":{"line":69,"column":12},"end":{"line":69,"column":13}},"loc":{"start":{"line":69,"column":18},"end":{"line":88,"column":3}},"line":69},"4":{"name":"(anonymous_4)","decl":{"start":{"line":76,"column":39},"end":{"line":76,"column":40}},"loc":{"start":{"line":76,"column":45},"end":{"line":84,"column":5}},"line":76},"5":{"name":"(anonymous_5)","decl":{"start":{"line":77,"column":19},"end":{"line":77,"column":20}},"loc":{"start":{"line":77,"column":29},"end":{"line":83,"column":7}},"line":77},"6":{"name":"(anonymous_6)","decl":{"start":{"line":85,"column":11},"end":{"line":85,"column":12}},"loc":{"start":{"line":85,"column":17},"end":{"line":87,"column":5}},"line":85},"7":{"name":"(anonymous_7)","decl":{"start":{"line":107,"column":23},"end":{"line":107,"column":24}},"loc":{"start":{"line":107,"column":29},"end":{"line":109,"column":3}},"line":107},"8":{"name":"(anonymous_8)","decl":{"start":{"line":108,"column":14},"end":{"line":108,"column":15}},"loc":{"start":{"line":108,"column":25},"end":{"line":108,"column":60}},"line":108},"9":{"name":"(anonymous_9)","decl":{"start":{"line":111,"column":33},"end":{"line":111,"column":34}},"loc":{"start":{"line":111,"column":69},"end":{"line":122,"column":3}},"line":111},"10":{"name":"(anonymous_10)","decl":{"start":{"line":124,"column":27},"end":{"line":124,"column":28}},"loc":{"start":{"line":124,"column":39},"end":{"line":154,"column":3}},"line":124},"11":{"name":"(anonymous_11)","decl":{"start":{"line":156,"column":25},"end":{"line":156,"column":26}},"loc":{"start":{"line":156,"column":37},"end":{"line":185,"column":3}},"line":156},"12":{"name":"(anonymous_12)","decl":{"start":{"line":187,"column":24},"end":{"line":187,"column":25}},"loc":{"start":{"line":187,"column":30},"end":{"line":191,"column":3}},"line":187},"13":{"name":"(anonymous_13)","decl":{"start":{"line":193,"column":24},"end":{"line":193,"column":25}},"loc":{"start":{"line":193,"column":60},"end":{"line":206,"column":3}},"line":193},"14":{"name":"(anonymous_14)","decl":{"start":{"line":208,"column":26},"end":{"line":208,"column":27}},"loc":{"start":{"line":208,"column":32},"end":{"line":212,"column":3}},"line":208},"15":{"name":"(anonymous_15)","decl":{"start":{"line":294,"column":38},"end":{"line":294,"column":39}},"loc":{"start":{"line":295,"column":18},"end":{"line":299,"column":25}},"line":295}},"branchMap":{"0":{"loc":{"start":{"line":45,"column":15},"end":{"line":45,"column":42}},"type":"binary-expr","locations":[{"start":{"line":45,"column":15},"end":{"line":45,"column":26}},{"start":{"line":45,"column":30},"end":{"line":45,"column":42}}],"line":45},"1":{"loc":{"start":{"line":49,"column":4},"end":{"line":49,"column":29}},"type":"if","locations":[{"start":{"line":49,"column":4},"end":{"line":49,"column":29}},{"start":{},"end":{}}],"line":49},"2":{"loc":{"start":{"line":70,"column":4},"end":{"line":74,"column":5}},"type":"if","locations":[{"start":{"line":70,"column":4},"end":{"line":74,"column":5}},{"start":{},"end":{}}],"line":70},"3":{"loc":{"start":{"line":71,"column":6},"end":{"line":71,"column":68}},"type":"if","locations":[{"start":{"line":71,"column":6},"end":{"line":71,"column":68}},{"start":{},"end":{}}],"line":71},"4":{"loc":{"start":{"line":78,"column":8},"end":{"line":81,"column":9}},"type":"if","locations":[{"start":{"line":78,"column":8},"end":{"line":81,"column":9}},{"start":{},"end":{}}],"line":78},"5":{"loc":{"start":{"line":79,"column":10},"end":{"line":79,"column":72}},"type":"if","locations":[{"start":{"line":79,"column":10},"end":{"line":79,"column":72}},{"start":{},"end":{}}],"line":79},"6":{"loc":{"start":{"line":86,"column":6},"end":{"line":86,"column":68}},"type":"if","locations":[{"start":{"line":86,"column":6},"end":{"line":86,"column":68}},{"start":{},"end":{}}],"line":86},"7":{"loc":{"start":{"line":90,"column":2},"end":{"line":90,"column":60}},"type":"if","locations":[{"start":{"line":90,"column":2},"end":{"line":90,"column":60}},{"start":{},"end":{}}],"line":90},"8":{"loc":{"start":{"line":92,"column":2},"end":{"line":105,"column":3}},"type":"if","locations":[{"start":{"line":92,"column":2},"end":{"line":105,"column":3}},{"start":{},"end":{}}],"line":92},"9":{"loc":{"start":{"line":108,"column":25},"end":{"line":108,"column":60}},"type":"cond-expr","locations":[{"start":{"line":108,"column":44},"end":{"line":108,"column":50}},{"start":{"line":108,"column":53},"end":{"line":108,"column":60}}],"line":108},"10":{"loc":{"start":{"line":114,"column":12},"end":{"line":114,"column":30}},"type":"binary-expr","locations":[{"start":{"line":114,"column":12},"end":{"line":114,"column":24}},{"start":{"line":114,"column":28},"end":{"line":114,"column":30}}],"line":114},"11":{"loc":{"start":{"line":116,"column":4},"end":{"line":121,"column":5}},"type":"if","locations":[{"start":{"line":116,"column":4},"end":{"line":121,"column":5}},{"start":{},"end":{}}],"line":116},"12":{"loc":{"start":{"line":118,"column":6},"end":{"line":120,"column":7}},"type":"if","locations":[{"start":{"line":118,"column":6},"end":{"line":120,"column":7}},{"start":{},"end":{}}],"line":118},"13":{"loc":{"start":{"line":125,"column":4},"end":{"line":125,"column":43}},"type":"if","locations":[{"start":{"line":125,"column":4},"end":{"line":125,"column":43}},{"start":{},"end":{}}],"line":125},"14":{"loc":{"start":{"line":125,"column":8},"end":{"line":125,"column":34}},"type":"binary-expr","locations":[{"start":{"line":125,"column":8},"end":{"line":125,"column":26}},{"start":{"line":125,"column":30},"end":{"line":125,"column":34}}],"line":125},"15":{"loc":{"start":{"line":138,"column":6},"end":{"line":138,"column":30}},"type":"if","locations":[{"start":{"line":138,"column":6},"end":{"line":138,"column":30}},{"start":{},"end":{}}],"line":138},"16":{"loc":{"start":{"line":145,"column":18},"end":{"line":145,"column":72}},"type":"cond-expr","locations":[{"start":{"line":145,"column":43},"end":{"line":145,"column":56}},{"start":{"line":145,"column":59},"end":{"line":145,"column":72}}],"line":145},"17":{"loc":{"start":{"line":157,"column":4},"end":{"line":157,"column":21}},"type":"if","locations":[{"start":{"line":157,"column":4},"end":{"line":157,"column":21}},{"start":{},"end":{}}],"line":157},"18":{"loc":{"start":{"line":170,"column":6},"end":{"line":170,"column":62}},"type":"if","locations":[{"start":{"line":170,"column":6},"end":{"line":170,"column":62}},{"start":{},"end":{}}],"line":170},"19":{"loc":{"start":{"line":170,"column":10},"end":{"line":170,"column":53}},"type":"binary-expr","locations":[{"start":{"line":170,"column":10},"end":{"line":170,"column":25}},{"start":{"line":170,"column":29},"end":{"line":170,"column":53}}],"line":170},"20":{"loc":{"start":{"line":177,"column":18},"end":{"line":177,"column":72}},"type":"cond-expr","locations":[{"start":{"line":177,"column":43},"end":{"line":177,"column":56}},{"start":{"line":177,"column":59},"end":{"line":177,"column":72}}],"line":177},"21":{"loc":{"start":{"line":188,"column":4},"end":{"line":190,"column":5}},"type":"if","locations":[{"start":{"line":188,"column":4},"end":{"line":190,"column":5}},{"start":{},"end":{}}],"line":188},"22":{"loc":{"start":{"line":188,"column":8},"end":{"line":188,"column":40}},"type":"binary-expr","locations":[{"start":{"line":188,"column":8},"end":{"line":188,"column":25}},{"start":{"line":188,"column":29},"end":{"line":188,"column":40}}],"line":188},"23":{"loc":{"start":{"line":196,"column":22},"end":{"line":196,"column":48}},"type":"cond-expr","locations":[{"start":{"line":196,"column":28},"end":{"line":196,"column":43}},{"start":{"line":196,"column":46},"end":{"line":196,"column":48}}],"line":196},"24":{"loc":{"start":{"line":203,"column":6},"end":{"line":203,"column":53}},"type":"if","locations":[{"start":{"line":203,"column":6},"end":{"line":203,"column":53}},{"start":{},"end":{}}],"line":203},"25":{"loc":{"start":{"line":209,"column":4},"end":{"line":211,"column":5}},"type":"if","locations":[{"start":{"line":209,"column":4},"end":{"line":211,"column":5}},{"start":{},"end":{}}],"line":209},"26":{"loc":{"start":{"line":219,"column":7},"end":{"line":234,"column":7}},"type":"binary-expr","locations":[{"start":{"line":219,"column":7},"end":{"line":219,"column":19}},{"start":{"line":219,"column":23},"end":{"line":219,"column":36}},{"start":{"line":219,"column":40},"end":{"line":219,"column":51}},{"start":{"line":219,"column":55},"end":{"line":219,"column":68}},{"start":{"line":220,"column":8},"end":{"line":233,"column":15}}],"line":219},"27":{"loc":{"start":{"line":255,"column":7},"end":{"line":264,"column":7}},"type":"binary-expr","locations":[{"start":{"line":255,"column":7},"end":{"line":255,"column":18}},{"start":{"line":256,"column":8},"end":{"line":263,"column":15}}],"line":255},"28":{"loc":{"start":{"line":261,"column":22},"end":{"line":261,"column":59}},"type":"cond-expr","locations":[{"start":{"line":261,"column":38},"end":{"line":261,"column":54}},{"start":{"line":261,"column":57},"end":{"line":261,"column":59}}],"line":261},"29":{"loc":{"start":{"line":267,"column":9},"end":{"line":313,"column":9}},"type":"cond-expr","locations":[{"start":{"line":268,"column":10},"end":{"line":271,"column":17}},{"start":{"line":272,"column":12},"end":{"line":313,"column":9}}],"line":267},"30":{"loc":{"start":{"line":272,"column":12},"end":{"line":313,"column":9}},"type":"cond-expr","locations":[{"start":{"line":273,"column":10},"end":{"line":276,"column":17}},{"start":{"line":277,"column":12},"end":{"line":313,"column":9}}],"line":272},"31":{"loc":{"start":{"line":277,"column":12},"end":{"line":313,"column":9}},"type":"cond-expr","locations":[{"start":{"line":278,"column":10},"end":{"line":308,"column":13}},{"start":{"line":310,"column":10},"end":{"line":312,"column":17}}],"line":277},"32":{"loc":{"start":{"line":292,"column":13},"end":{"line":302,"column":13}},"type":"binary-expr","locations":[{"start":{"line":292,"column":13},"end":{"line":292,"column":28}},{"start":{"line":293,"column":14},"end":{"line":301,"column":21}}],"line":292},"33":{"loc":{"start":{"line":320,"column":12},"end":{"line":320,"column":56}},"type":"binary-expr","locations":[{"start":{"line":320,"column":12},"end":{"line":320,"column":23}},{"start":{"line":320,"column":27},"end":{"line":320,"column":56}}],"line":320},"34":{"loc":{"start":{"line":321,"column":12},"end":{"line":321,"column":56}},"type":"binary-expr","locations":[{"start":{"line":321,"column":12},"end":{"line":321,"column":24}},{"start":{"line":321,"column":28},"end":{"line":321,"column":56}}],"line":321},"35":{"loc":{"start":{"line":323,"column":19},"end":{"line":323,"column":65}},"type":"cond-expr","locations":[{"start":{"line":323,"column":33},"end":{"line":323,"column":46}},{"start":{"line":323,"column":49},"end":{"line":323,"column":65}}],"line":323},"36":{"loc":{"start":{"line":327,"column":11},"end":{"line":327,"column":58}},"type":"binary-expr","locations":[{"start":{"line":327,"column":11},"end":{"line":327,"column":22}},{"start":{"line":327,"column":26},"end":{"line":327,"column":58}}],"line":327},"37":{"loc":{"start":{"line":329,"column":13},"end":{"line":333,"column":29}},"type":"cond-expr","locations":[{"start":{"line":330,"column":16},"end":{"line":330,"column":31}},{"start":{"line":331,"column":16},"end":{"line":333,"column":29}}],"line":329},"38":{"loc":{"start":{"line":331,"column":16},"end":{"line":333,"column":29}},"type":"cond-expr","locations":[{"start":{"line":332,"column":16},"end":{"line":332,"column":24}},{"start":{"line":333,"column":16},"end":{"line":333,"column":29}}],"line":331},"39":{"loc":{"start":{"line":401,"column":9},"end":{"line":401,"column":40}},"type":"cond-expr","locations":[{"start":{"line":401,"column":33},"end":{"line":401,"column":35}},{"start":{"line":401,"column":38},"end":{"line":401,"column":40}}],"line":401},"40":{"loc":{"start":{"line":417,"column":9},"end":{"line":417,"column":40}},"type":"cond-expr","locations":[{"start":{"line":417,"column":33},"end":{"line":417,"column":35}},{"start":{"line":417,"column":38},"end":{"line":417,"column":40}}],"line":417}},"s":{"0":1,"1":1,"2":1,"3":47,"4":47,"5":47,"6":47,"7":47,"8":47,"9":47,"10":47,"11":47,"12":47,"13":47,"14":47,"15":47,"16":47,"17":23,"18":21,"19":2,"20":2,"21":2,"22":2,"23":47,"24":23,"25":21,"26":2,"27":21,"28":21,"29":2,"30":2,"31":1,"32":1,"33":0,"34":0,"35":0,"36":1,"37":2,"38":2,"39":2,"40":47,"41":1,"42":46,"43":2,"44":44,"45":3,"46":3,"47":44,"48":7,"49":7,"50":7,"51":7,"52":7,"53":7,"54":7,"55":44,"56":6,"57":0,"58":6,"59":6,"60":6,"61":6,"62":6,"63":6,"64":6,"65":6,"66":0,"67":6,"68":6,"69":5,"70":1,"71":1,"72":1,"73":1,"74":1,"75":1,"76":1,"77":6,"78":44,"79":4,"80":0,"81":4,"82":4,"83":4,"84":4,"85":4,"86":3,"87":1,"88":2,"89":2,"90":2,"91":1,"92":1,"93":1,"94":1,"95":1,"96":1,"97":4,"98":44,"99":1,"100":1,"101":44,"102":7,"103":7,"104":7,"105":7,"106":7,"107":0,"108":7,"109":44,"110":1,"111":1,"112":44,"113":3,"114":1},"f":{"0":47,"1":23,"2":2,"3":23,"4":1,"5":1,"6":2,"7":3,"8":3,"9":7,"10":6,"11":4,"12":1,"13":7,"14":1,"15":3},"b":{"0":[47,42],"1":[21,2],"2":[21,2],"3":[2,19],"4":[0,1],"5":[0,0],"6":[2,0],"7":[1,46],"8":[2,44],"9":[2,1],"10":[7,0],"11":[7,0],"12":[7,0],"13":[0,6],"14":[6,6],"15":[0,6],"16":[1,0],"17":[0,4],"18":[1,2],"19":[3,2],"20":[1,0],"21":[1,0],"22":[1,1],"23":[1,6],"24":[0,7],"25":[1,0],"26":[44,39,31,24,22],"27":[44,5],"28":[3,2],"29":[8,36],"30":[2,34],"31":[7,27],"32":[7,2],"33":[44,5],"34":[44,8],"35":[5,39],"36":[44,5],"37":[8,36],"38":[5,31],"39":[1,0],"40":[1,0]},"_coverageSchema":"1a1c01bbd47fc00a2c39e90264f33305004495a9","hash":"543a46c5823cd224b2a0a63f2758112d1c276725"}
,"/Users/mariashuruima/Downloads/EyeHearU/mobile/app/history.tsx": {"path":"/Users/mariashuruima/Downloads/EyeHearU/mobile/app/history.tsx","statementMap":{"0":{"start":{"line":13,"column":20},"end":{"line":13,"column":38}},"1":{"start":{"line":15,"column":14},"end":{"line":23,"column":1}},"2":{"start":{"line":33,"column":15},"end":{"line":33,"column":51}},"3":{"start":{"line":34,"column":15},"end":{"line":34,"column":40}},"4":{"start":{"line":35,"column":2},"end":{"line":35,"column":34}},"5":{"start":{"line":35,"column":16},"end":{"line":35,"column":34}},"6":{"start":{"line":36,"column":2},"end":{"line":36,"column":39}},"7":{"start":{"line":36,"column":17},"end":{"line":36,"column":39}},"8":{"start":{"line":37,"column":14},"end":{"line":37,"column":35}},"9":{"start":{"line":38,"column":2},"end":{"line":38,"column":37}},"10":{"start":{"line":38,"column":16},"end":{"line":38,"column":37}},"11":{"start":{"line":39,"column":15},"end":{"line":39,"column":35}},"12":{"start":{"line":40,"column":2},"end":{"line":40,"column":24}},"13":{"start":{"line":44,"column":32},"end":{"line":44,"column":59}},"14":{"start":{"line":46,"column":2},"end":{"line":50,"column":4}},"15":{"start":{"line":48,"column":6},"end":{"line":48,"column":20}},"16":{"start":{"line":52,"column":22},"end":{"line":59,"column":3}},"17":{"start":{"line":53,"column":4},"end":{"line":58,"column":5}},"18":{"start":{"line":54,"column":18},"end":{"line":54,"column":57}},"19":{"start":{"line":55,"column":6},"end":{"line":55,"column":45}},"20":{"start":{"line":57,"column":6},"end":{"line":57,"column":21}},"21":{"start":{"line":61,"column":23},"end":{"line":73,"column":3}},"22":{"start":{"line":62,"column":4},"end":{"line":72,"column":7}},"23":{"start":{"line":68,"column":10},"end":{"line":68,"column":53}},"24":{"start":{"line":69,"column":10},"end":{"line":69,"column":25}},"25":{"start":{"line":75,"column":2},"end":{"line":119,"column":4}},"26":{"start":{"line":89,"column":36},"end":{"line":89,"column":43}},"27":{"start":{"line":92,"column":14},"end":{"line":110,"column":21}},"28":{"start":{"line":122,"column":15},"end":{"line":189,"column":2}}},"fnMap":{"0":{"name":"timeAgo","decl":{"start":{"line":32,"column":9},"end":{"line":32,"column":16}},"loc":{"start":{"line":32,"column":38},"end":{"line":41,"column":1}},"line":32},"1":{"name":"HistoryScreen","decl":{"start":{"line":43,"column":24},"end":{"line":43,"column":37}},"loc":{"start":{"line":43,"column":40},"end":{"line":120,"column":1}},"line":43},"2":{"name":"(anonymous_2)","decl":{"start":{"line":47,"column":16},"end":{"line":47,"column":17}},"loc":{"start":{"line":47,"column":22},"end":{"line":49,"column":5}},"line":47},"3":{"name":"(anonymous_3)","decl":{"start":{"line":52,"column":22},"end":{"line":52,"column":23}},"loc":{"start":{"line":52,"column":34},"end":{"line":59,"column":3}},"line":52},"4":{"name":"(anonymous_4)","decl":{"start":{"line":61,"column":23},"end":{"line":61,"column":24}},"loc":{"start":{"line":61,"column":29},"end":{"line":73,"column":3}},"line":61},"5":{"name":"(anonymous_5)","decl":{"start":{"line":67,"column":17},"end":{"line":67,"column":18}},"loc":{"start":{"line":67,"column":29},"end":{"line":70,"column":9}},"line":67},"6":{"name":"(anonymous_6)","decl":{"start":{"line":89,"column":26},"end":{"line":89,"column":27}},"loc":{"start":{"line":89,"column":36},"end":{"line":89,"column":43}},"line":89},"7":{"name":"(anonymous_7)","decl":{"start":{"line":91,"column":24},"end":{"line":91,"column":25}},"loc":{"start":{"line":92,"column":14},"end":{"line":110,"column":21}},"line":92}},"branchMap":{"0":{"loc":{"start":{"line":35,"column":2},"end":{"line":35,"column":34}},"type":"if","locations":[{"start":{"line":35,"column":2},"end":{"line":35,"column":34}},{"start":{},"end":{}}],"line":35},"1":{"loc":{"start":{"line":36,"column":2},"end":{"line":36,"column":39}},"type":"if","locations":[{"start":{"line":36,"column":2},"end":{"line":36,"column":39}},{"start":{},"end":{}}],"line":36},"2":{"loc":{"start":{"line":38,"column":2},"end":{"line":38,"column":37}},"type":"if","locations":[{"start":{"line":38,"column":2},"end":{"line":38,"column":37}},{"start":{},"end":{}}],"line":38},"3":{"loc":{"start":{"line":55,"column":17},"end":{"line":55,"column":43}},"type":"cond-expr","locations":[{"start":{"line":55,"column":23},"end":{"line":55,"column":38}},{"start":{"line":55,"column":41},"end":{"line":55,"column":43}}],"line":55},"4":{"loc":{"start":{"line":77,"column":7},"end":{"line":117,"column":7}},"type":"cond-expr","locations":[{"start":{"line":78,"column":8},"end":{"line":84,"column":15}},{"start":{"line":86,"column":8},"end":{"line":116,"column":11}}],"line":77}},"s":{"0":1,"1":1,"2":7,"3":7,"4":7,"5":4,"6":3,"7":1,"8":2,"9":2,"10":1,"11":1,"12":1,"13":19,"14":19,"15":9,"16":19,"17":9,"18":9,"19":8,"20":1,"21":19,"22":2,"23":1,"24":1,"25":19,"26":13,"27":7,"28":1},"f":{"0":7,"1":19,"2":9,"3":9,"4":2,"5":1,"6":13,"7":7},"b":{"0":[4,3],"1":[1,2],"2":[1,1],"3":[6,2],"4":[13,6]},"_coverageSchema":"1a1c01bbd47fc00a2c39e90264f33305004495a9","hash":"21db1edd79cb0a179b8c6ce1aa7a4b132ba0a069"}
,"/Users/mariashuruima/Downloads/EyeHearU/mobile/services/api.ts": {"path":"/Users/mariashuruima/Downloads/EyeHearU/mobile/services/api.ts","statementMap":{"0":{"start":{"line":26,"column":2},"end":{"line":26,"column":33}},"1":{"start":{"line":31,"column":24},"end":{"line":33,"column":11}},"2":{"start":{"line":34,"column":2},"end":{"line":36,"column":3}},"3":{"start":{"line":35,"column":4},"end":{"line":35,"column":43}},"4":{"start":{"line":38,"column":2},"end":{"line":40,"column":3}},"5":{"start":{"line":39,"column":4},"end":{"line":39,"column":38}},"6":{"start":{"line":41,"column":18},"end":{"line":41,"column":57}},"7":{"start":{"line":42,"column":2},"end":{"line":44,"column":3}},"8":{"start":{"line":43,"column":4},"end":{"line":43,"column":37}},"9":{"start":{"line":46,"column":2},"end":{"line":46,"column":33}},"10":{"start":{"line":49,"column":28},"end":{"line":49,"column":47}},"11":{"start":{"line":51,"column":46},"end":{"line":53,"column":6}},"12":{"start":{"line":69,"column":2},"end":{"line":69,"column":53}},"13":{"start":{"line":69,"column":40},"end":{"line":69,"column":53}},"14":{"start":{"line":70,"column":12},"end":{"line":70,"column":30}},"15":{"start":{"line":71,"column":2},"end":{"line":76,"column":4}},"16":{"start":{"line":83,"column":2},"end":{"line":90,"column":3}},"17":{"start":{"line":84,"column":4},"end":{"line":89,"column":6}},"18":{"start":{"line":91,"column":2},"end":{"line":93,"column":3}},"19":{"start":{"line":92,"column":4},"end":{"line":92,"column":116}},"20":{"start":{"line":94,"column":2},"end":{"line":94,"column":48}},"21":{"start":{"line":101,"column":19},"end":{"line":101,"column":33}},"22":{"start":{"line":102,"column":2},"end":{"line":106,"column":12}},"23":{"start":{"line":108,"column":19},"end":{"line":112,"column":4}},"24":{"start":{"line":114,"column":15},"end":{"line":114,"column":36}},"25":{"start":{"line":116,"column":2},"end":{"line":119,"column":3}},"26":{"start":{"line":117,"column":17},"end":{"line":117,"column":57}},"27":{"start":{"line":118,"column":4},"end":{"line":118,"column":71}},"28":{"start":{"line":121,"column":2},"end":{"line":121,"column":46}},"29":{"start":{"line":135,"column":2},"end":{"line":163,"column":3}},"30":{"start":{"line":136,"column":21},"end":{"line":138,"column":6}},"31":{"start":{"line":139,"column":17},"end":{"line":139,"column":38}},"32":{"start":{"line":141,"column":4},"end":{"line":147,"column":5}},"33":{"start":{"line":142,"column":6},"end":{"line":146,"column":8}},"34":{"start":{"line":150,"column":4},"end":{"line":154,"column":5}},"35":{"start":{"line":151,"column":6},"end":{"line":151,"column":30}},"36":{"start":{"line":153,"column":6},"end":{"line":153,"column":76}},"37":{"start":{"line":156,"column":4},"end":{"line":160,"column":6}},"38":{"start":{"line":162,"column":4},"end":{"line":162,"column":74}}},"fnMap":{"0":{"name":"normalizeBaseUrl","decl":{"start":{"line":25,"column":9},"end":{"line":25,"column":25}},"loc":{"start":{"line":25,"column":47},"end":{"line":27,"column":1}},"line":25},"1":{"name":"resolveApiBaseUrl","decl":{"start":{"line":29,"column":9},"end":{"line":29,"column":26}},"loc":{"start":{"line":29,"column":37},"end":{"line":47,"column":1}},"line":29},"2":{"name":"isTunnelUnavailable","decl":{"start":{"line":68,"column":16},"end":{"line":68,"column":35}},"loc":{"start":{"line":68,"column":75},"end":{"line":77,"column":1}},"line":68},"3":{"name":"explainApiFailure","decl":{"start":{"line":82,"column":16},"end":{"line":82,"column":33}},"loc":{"start":{"line":82,"column":72},"end":{"line":95,"column":1}},"line":82},"4":{"name":"predictSign","decl":{"start":{"line":100,"column":22},"end":{"line":100,"column":33}},"loc":{"start":{"line":100,"column":79},"end":{"line":122,"column":1}},"line":100},"5":{"name":"checkHealth","decl":{"start":{"line":134,"column":22},"end":{"line":134,"column":33}},"loc":{"start":{"line":134,"column":59},"end":{"line":164,"column":1}},"line":134}},"branchMap":{"0":{"loc":{"start":{"line":34,"column":2},"end":{"line":36,"column":3}},"type":"if","locations":[{"start":{"line":34,"column":2},"end":{"line":36,"column":3}},{"start":{},"end":{}}],"line":34},"1":{"loc":{"start":{"line":38,"column":2},"end":{"line":40,"column":3}},"type":"if","locations":[{"start":{"line":38,"column":2},"end":{"line":40,"column":3}},{"start":{},"end":{}}],"line":38},"2":{"loc":{"start":{"line":42,"column":2},"end":{"line":44,"column":3}},"type":"if","locations":[{"start":{"line":42,"column":2},"end":{"line":44,"column":3}},{"start":{},"end":{}}],"line":42},"3":{"loc":{"start":{"line":51,"column":46},"end":{"line":53,"column":6}},"type":"cond-expr","locations":[{"start":{"line":52,"column":4},"end":{"line":52,"column":40}},{"start":{"line":53,"column":4},"end":{"line":53,"column":6}}],"line":51},"4":{"loc":{"start":{"line":69,"column":2},"end":{"line":69,"column":53}},"type":"if","locations":[{"start":{"line":69,"column":2},"end":{"line":69,"column":53}},{"start":{},"end":{}}],"line":69},"5":{"loc":{"start":{"line":69,"column":6},"end":{"line":69,"column":38}},"type":"binary-expr","locations":[{"start":{"line":69,"column":6},"end":{"line":69,"column":20}},{"start":{"line":69,"column":24},"end":{"line":69,"column":38}}],"line":69},"6":{"loc":{"start":{"line":72,"column":4},"end":{"line":75,"column":29}},"type":"binary-expr","locations":[{"start":{"line":72,"column":4},"end":{"line":72,"column":24}},{"start":{"line":73,"column":4},"end":{"line":73,"column":29}},{"start":{"line":74,"column":4},"end":{"line":74,"column":25}},{"start":{"line":75,"column":4},"end":{"line":75,"column":29}}],"line":72},"7":{"loc":{"start":{"line":83,"column":2},"end":{"line":90,"column":3}},"type":"if","locations":[{"start":{"line":83,"column":2},"end":{"line":90,"column":3}},{"start":{},"end":{}}],"line":83},"8":{"loc":{"start":{"line":91,"column":2},"end":{"line":93,"column":3}},"type":"if","locations":[{"start":{"line":91,"column":2},"end":{"line":93,"column":3}},{"start":{},"end":{}}],"line":91},"9":{"loc":{"start":{"line":94,"column":9},"end":{"line":94,"column":47}},"type":"binary-expr","locations":[{"start":{"line":94,"column":9},"end":{"line":94,"column":27}},{"start":{"line":94,"column":31},"end":{"line":94,"column":47}}],"line":94},"10":{"loc":{"start":{"line":116,"column":2},"end":{"line":119,"column":3}},"type":"if","locations":[{"start":{"line":116,"column":2},"end":{"line":119,"column":3}},{"start":{},"end":{}}],"line":116},"11":{"loc":{"start":{"line":141,"column":4},"end":{"line":147,"column":5}},"type":"if","locations":[{"start":{"line":141,"column":4},"end":{"line":147,"column":5}},{"start":{},"end":{}}],"line":141}},"s":{"0":3,"1":5,"2":5,"3":2,"4":3,"5":1,"6":2,"7":2,"8":1,"9":1,"10":5,"11":5,"12":22,"13":7,"14":15,"15":15,"16":6,"17":2,"18":4,"19":1,"20":3,"21":3,"22":3,"23":3,"24":2,"25":2,"26":1,"27":1,"28":1,"29":7,"30":7,"31":6,"32":6,"33":2,"34":4,"35":4,"36":1,"37":3,"38":1},"f":{"0":3,"1":5,"2":22,"3":6,"4":3,"5":7},"b":{"0":[2,3],"1":[1,2],"2":[1,1],"3":[0,5],"4":[7,15],"5":[22,11],"6":[15,7,5,3],"7":[2,4],"8":[1,3],"9":[3,1],"10":[1,1],"11":[2,4]},"_coverageSchema":"1a1c01bbd47fc00a2c39e90264f33305004495a9","hash":"6c1178e4be50518caf6ff8ddf356a487f43778ae"}
}
