TN:
SF:app/camera.tsx
FN:32,CameraScreen
FN:48,(anonymous_1)
FN:65,(anonymous_2)
FN:69,(anonymous_3)
FN:76,(anonymous_4)
FN:77,(anonymous_5)
FN:85,(anonymous_6)
FN:107,(anonymous_7)
FN:108,(anonymous_8)
FN:111,(anonymous_9)
FN:124,(anonymous_10)
FN:156,(anonymous_11)
FN:187,(anonymous_12)
FN:193,(anonymous_13)
FN:208,(anonymous_14)
FN:294,(anonymous_15)
FNF:16
FNH:16
FNDA:47,CameraScreen
FNDA:23,(anonymous_1)
FNDA:2,(anonymous_2)
FNDA:23,(anonymous_3)
FNDA:1,(anonymous_4)
FNDA:1,(anonymous_5)
FNDA:2,(anonymous_6)
FNDA:3,(anonymous_7)
FNDA:3,(anonymous_8)
FNDA:7,(anonymous_9)
FNDA:6,(anonymous_10)
FNDA:4,(anonymous_11)
FNDA:1,(anonymous_12)
FNDA:7,(anonymous_13)
FNDA:1,(anonymous_14)
FNDA:3,(anonymous_15)
DA:18,1
DA:19,1
DA:21,1
DA:33,47
DA:34,47
DA:35,47
DA:36,47
DA:37,47
DA:38,47
DA:39,47
DA:40,47
DA:41,47
DA:42,47
DA:43,47
DA:44,47
DA:45,47
DA:48,47
DA:49,23
DA:50,2
DA:64,2
DA:65,2
DA:69,47
DA:70,23
DA:71,21
DA:72,21
DA:73,21
DA:75,2
DA:76,2
DA:77,1
DA:78,1
DA:79,0
DA:80,0
DA:82,1
DA:85,2
DA:86,2
DA:90,47
DA:92,46
DA:93,2
DA:107,44
DA:108,3
DA:111,44
DA:112,7
DA:113,7
DA:114,7
DA:116,7
DA:117,7
DA:118,7
DA:119,7
DA:124,44
DA:125,6
DA:127,6
DA:128,6
DA:129,6
DA:130,6
DA:132,6
DA:133,6
DA:137,6
DA:138,6
DA:140,6
DA:141,6
DA:142,5
DA:144,1
DA:145,1
DA:146,1
DA:147,1
DA:148,1
DA:149,1
DA:150,1
DA:152,6
DA:156,44
DA:157,4
DA:159,4
DA:160,4
DA:161,4
DA:163,4
DA:164,4
DA:170,3
DA:172,2
DA:173,2
DA:174,2
DA:176,1
DA:177,1
DA:178,1
DA:179,1
DA:180,1
DA:181,1
DA:183,4
DA:187,44
DA:188,1
DA:189,1
DA:193,44
DA:194,7
DA:195,7
DA:196,7
DA:197,7
DA:203,7
DA:204,7
DA:208,44
DA:209,1
DA:210,1
DA:214,44
DA:295,3
DA:341,1
LF:103
LH:101
BRDA:45,0,0,47
BRDA:45,0,1,42
BRDA:49,1,0,21
BRDA:49,1,1,2
BRDA:70,2,0,21
BRDA:70,2,1,2
BRDA:71,3,0,2
BRDA:71,3,1,19
BRDA:78,4,0,0
BRDA:78,4,1,1
BRDA:79,5,0,0
BRDA:79,5,1,0
BRDA:86,6,0,2
BRDA:86,6,1,0
BRDA:90,7,0,1
BRDA:90,7,1,46
BRDA:92,8,0,2
BRDA:92,8,1,44
BRDA:108,9,0,2
BRDA:108,9,1,1
BRDA:114,10,0,7
BRDA:114,10,1,0
BRDA:116,11,0,7
BRDA:116,11,1,0
BRDA:118,12,0,7
BRDA:118,12,1,0
BRDA:125,13,0,0
BRDA:125,13,1,6
BRDA:125,14,0,6
BRDA:125,14,1,6
BRDA:138,15,0,0
BRDA:138,15,1,6
BRDA:145,16,0,1
BRDA:145,16,1,0
BRDA:157,17,0,0
BRDA:157,17,1,4
BRDA:170,18,0,1
BRDA:170,18,1,2
BRDA:170,19,0,3
BRDA:170,19,1,2
BRDA:177,20,0,1
BRDA:177,20,1,0
BRDA:188,21,0,1
BRDA:188,21,1,0
BRDA:188,22,0,1
BRDA:188,22,1,1
BRDA:196,23,0,1
BRDA:196,23,1,6
BRDA:203,24,0,0
BRDA:203,24,1,7
BRDA:209,25,0,1
BRDA:209,25,1,0
BRDA:219,26,0,44
BRDA:219,26,1,39
BRDA:219,26,2,31
BRDA:219,26,3,24
BRDA:219,26,4,22
BRDA:255,27,0,44
BRDA:255,27,1,5
BRDA:261,28,0,3
BRDA:261,28,1,2
BRDA:267,29,0,8
BRDA:267,29,1,36
BRDA:272,30,0,2
BRDA:272,30,1,34
BRDA:277,31,0,7
BRDA:277,31,1,27
BRDA:292,32,0,7
BRDA:292,32,1,2
BRDA:320,33,0,44
BRDA:320,33,1,5
BRDA:321,34,0,44
BRDA:321,34,1,8
BRDA:323,35,0,5
BRDA:323,35,1,39
BRDA:327,36,0,44
BRDA:327,36,1,5
BRDA:329,37,0,8
BRDA:329,37,1,36
BRDA:331,38,0,5
BRDA:331,38,1,31
BRDA:401,39,0,1
BRDA:401,39,1,0
BRDA:417,40,0,1
BRDA:417,40,1,0
BRF:85
BRH:68
end_of_record
TN:
SF:app/history.tsx
FN:32,timeAgo
FN:43,HistoryScreen
FN:47,(anonymous_2)
FN:52,(anonymous_3)
FN:61,(anonymous_4)
FN:67,(anonymous_5)
FN:89,(anonymous_6)
FN:91,(anonymous_7)
FNF:8
FNH:8
FNDA:7,timeAgo
FNDA:19,HistoryScreen
FNDA:9,(anonymous_2)
FNDA:9,(anonymous_3)
FNDA:2,(anonymous_4)
FNDA:1,(anonymous_5)
FNDA:13,(anonymous_6)
FNDA:7,(anonymous_7)
DA:13,1
DA:15,1
DA:33,7
DA:34,7
DA:35,7
DA:36,3
DA:37,2
DA:38,2
DA:39,1
DA:40,1
DA:44,19
DA:46,19
DA:48,9
DA:52,19
DA:53,9
DA:54,9
DA:55,8
DA:57,1
DA:61,19
DA:62,2
DA:68,1
DA:69,1
DA:75,19
DA:89,13
DA:92,7
DA:122,1
LF:26
LH:26
BRDA:35,0,0,4
BRDA:35,0,1,3
BRDA:36,1,0,1
BRDA:36,1,1,2
BRDA:38,2,0,1
BRDA:38,2,1,1
BRDA:55,3,0,6
BRDA:55,3,1,2
BRDA:77,4,0,13
BRDA:77,4,1,6
BRF:10
BRH:10
end_of_record
TN:
SF:services/api.ts
FN:25,normalizeBaseUrl
FN:29,resolveApiBaseUrl
FN:68,isTunnelUnavailable
FN:82,explainApiFailure
FN:100,predictSign
FN:134,checkHealth
FNF:6
FNH:6
FNDA:3,normalizeBaseUrl
FNDA:5,resolveApiBaseUrl
FNDA:22,isTunnelUnavailable
FNDA:6,explainApiFailure
FNDA:3,predictSign
FNDA:7,checkHealth
DA:26,3
DA:31,5
DA:34,5
DA:35,2
DA:38,3
DA:39,1
DA:41,2
DA:42,2
DA:43,1
DA:46,1
DA:49,5
DA:51,5
DA:69,22
DA:70,15
DA:71,15
DA:83,6
DA:84,2
DA:91,4
DA:92,1
DA:94,3
DA:101,3
DA:102,3
DA:108,3
DA:114,2
DA:116,2
DA:117,1
DA:118,1
DA:121,1
DA:135,7
DA:136,7
DA:139,6
DA:141,6
DA:142,2
DA:150,4
DA:151,4
DA:153,1
DA:156,3
DA:162,1
LF:38
LH:38
BRDA:34,0,0,2
BRDA:34,0,1,3
BRDA:38,1,0,1
BRDA:38,1,1,2
BRDA:42,2,0,1
BRDA:42,2,1,1
BRDA:51,3,0,0
BRDA:51,3,1,5
BRDA:69,4,0,7
BRDA:69,4,1,15
BRDA:69,5,0,22
BRDA:69,5,1,11
BRDA:72,6,0,15
BRDA:72,6,1,7
BRDA:72,6,2,5
BRDA:72,6,3,3
BRDA:83,7,0,2
BRDA:83,7,1,4
BRDA:91,8,0,1
BRDA:91,8,1,3
BRDA:94,9,0,3
BRDA:94,9,1,1
BRDA:116,10,0,1
BRDA:116,10,1,1
BRDA:141,11,0,2
BRDA:141,11,1,4
BRF:26
BRH:25
end_of_record
