TN:
SF:app/_layout.tsx
FN:6,RootLayout
FNF:1
FNH:1
FNDA:1,RootLayout
DA:4,1
DA:7,1
LF:2
LH:2
BRF:0
BRH:0
end_of_record
TN:
SF:app/camera.tsx
FN:39,CameraScreen
FN:59,(anonymous_1)
FN:76,(anonymous_2)
FN:80,(anonymous_3)
FN:87,(anonymous_4)
FN:88,(anonymous_5)
FN:96,(anonymous_6)
FN:118,(anonymous_7)
FN:119,(anonymous_8)
FN:122,(anonymous_9)
FN:136,(anonymous_10)
FN:147,(anonymous_11)
FN:165,(anonymous_12)
FN:185,(anonymous_13)
FN:205,(anonymous_14)
FN:223,(anonymous_15)
FN:242,(anonymous_16)
FN:248,(anonymous_17)
FN:263,(anonymous_18)
FN:282,(anonymous_19)
FN:289,(anonymous_20)
FN:354,(anonymous_21)
FN:371,(anonymous_22)
FN:427,(anonymous_23)
FN:453,(anonymous_24)
FNF:25
FNH:25
FNDA:76,CameraScreen
FNDA:32,(anonymous_1)
FNDA:3,(anonymous_2)
FNDA:32,(anonymous_3)
FNDA:6,(anonymous_4)
FNDA:6,(anonymous_5)
FNDA:3,(anonymous_6)
FNDA:3,(anonymous_7)
FNDA:3,(anonymous_8)
FNDA:8,(anonymous_9)
FNDA:1,(anonymous_10)
FNDA:11,(anonymous_11)
FNDA:4,(anonymous_12)
FNDA:2,(anonymous_13)
FNDA:5,(anonymous_14)
FNDA:1,(anonymous_15)
FNDA:1,(anonymous_16)
FNDA:8,(anonymous_17)
FNDA:1,(anonymous_18)
FNDA:1,(anonymous_19)
FNDA:7,(anonymous_20)
FNDA:1,(anonymous_21)
FNDA:6,(anonymous_22)
FNDA:1,(anonymous_23)
FNDA:3,(anonymous_24)
DA:23,1
DA:24,1
DA:26,1
DA:40,76
DA:41,76
DA:42,76
DA:44,76
DA:45,76
DA:46,76
DA:47,76
DA:48,76
DA:49,76
DA:50,76
DA:51,76
DA:52,76
DA:53,76
DA:54,76
DA:55,76
DA:56,76
DA:59,76
DA:60,32
DA:61,3
DA:75,3
DA:76,3
DA:80,76
DA:81,32
DA:82,29
DA:83,29
DA:84,29
DA:86,3
DA:87,3
DA:88,6
DA:89,6
DA:90,1
DA:91,1
DA:93,5
DA:96,3
DA:97,3
DA:101,76
DA:103,75
DA:104,2
DA:118,73
DA:119,3
DA:122,73
DA:123,8
DA:124,8
DA:125,8
DA:126,8
DA:128,8
DA:129,8
DA:130,8
DA:131,8
DA:136,73
DA:137,1
DA:138,1
DA:139,1
DA:140,1
DA:141,1
DA:142,1
DA:143,1
DA:147,73
DA:148,11
DA:150,11
DA:151,11
DA:152,11
DA:153,11
DA:154,11
DA:156,11
DA:157,11
DA:161,11
DA:162,11
DA:164,11
DA:165,4
DA:166,4
DA:169,7
DA:170,7
DA:171,6
DA:173,1
DA:174,1
DA:175,1
DA:176,1
DA:177,1
DA:178,1
DA:179,1
DA:181,11
DA:185,73
DA:186,2
DA:187,2
DA:188,2
DA:189,2
DA:190,2
DA:191,2
DA:192,2
DA:193,2
DA:194,1
DA:196,1
DA:197,1
DA:198,1
DA:199,1
DA:201,2
DA:205,73
DA:206,5
DA:208,5
DA:209,5
DA:210,5
DA:211,5
DA:213,5
DA:214,5
DA:220,4
DA:222,3
DA:223,1
DA:224,1
DA:227,2
DA:228,2
DA:229,2
DA:231,1
DA:232,1
DA:233,1
DA:234,1
DA:235,1
DA:236,1
DA:238,5
DA:242,73
DA:243,1
DA:244,1
DA:248,73
DA:249,8
DA:250,8
DA:251,8
DA:252,8
DA:258,8
DA:259,8
DA:263,73
DA:264,1
DA:265,1
DA:266,1
DA:267,1
DA:268,1
DA:269,1
DA:277,1
DA:278,1
DA:282,73
DA:283,1
DA:284,1
DA:285,1
DA:289,73
DA:290,7
DA:291,7
DA:292,7
DA:293,7
DA:294,7
DA:295,7
DA:298,73
DA:354,1
DA:371,6
DA:428,1
DA:429,1
DA:454,3
DA:541,1
LF:159
LH:159
BRDA:56,0,0,76
BRDA:56,0,1,68
BRDA:60,1,0,29
BRDA:60,1,1,3
BRDA:81,2,0,29
BRDA:81,2,1,3
BRDA:82,3,0,3
BRDA:82,3,1,26
BRDA:89,4,0,1
BRDA:89,4,1,5
BRDA:90,5,0,1
BRDA:90,5,1,0
BRDA:97,6,0,3
BRDA:97,6,1,0
BRDA:101,7,0,1
BRDA:101,7,1,75
BRDA:103,8,0,2
BRDA:103,8,1,73
BRDA:119,9,0,2
BRDA:119,9,1,1
BRDA:126,10,0,8
BRDA:126,10,1,0
BRDA:128,11,0,8
BRDA:128,11,1,0
BRDA:130,12,0,8
BRDA:130,12,1,0
BRDA:141,13,0,1
BRDA:141,13,1,0
BRDA:148,14,0,0
BRDA:148,14,1,11
BRDA:148,15,0,11
BRDA:148,15,1,11
BRDA:162,16,0,0
BRDA:162,16,1,11
BRDA:164,17,0,4
BRDA:164,17,1,7
BRDA:174,18,0,1
BRDA:174,18,1,0
BRDA:186,19,0,0
BRDA:186,19,1,2
BRDA:186,20,0,2
BRDA:186,20,1,2
BRDA:197,21,0,1
BRDA:197,21,1,0
BRDA:206,22,0,0
BRDA:206,22,1,5
BRDA:220,23,0,1
BRDA:220,23,1,3
BRDA:220,24,0,4
BRDA:220,24,1,3
BRDA:222,25,0,1
BRDA:222,25,1,2
BRDA:232,26,0,1
BRDA:232,26,1,0
BRDA:243,27,0,1
BRDA:243,27,1,0
BRDA:243,28,0,1
BRDA:243,28,1,1
BRDA:251,29,0,1
BRDA:251,29,1,7
BRDA:258,30,0,0
BRDA:258,30,1,8
BRDA:266,31,0,0
BRDA:266,31,1,1
BRDA:267,32,0,1
BRDA:267,32,1,0
BRDA:277,33,0,0
BRDA:277,33,1,1
BRDA:283,34,0,1
BRDA:283,34,1,1
BRDA:284,35,0,1
BRDA:284,35,1,0
BRDA:303,36,0,73
BRDA:303,36,1,65
BRDA:303,36,2,54
BRDA:303,36,3,46
BRDA:303,36,4,43
BRDA:303,36,5,42
BRDA:303,36,6,37
BRDA:308,37,0,42
BRDA:308,37,1,12
BRDA:320,38,0,7
BRDA:320,38,1,30
BRDA:352,39,0,73
BRDA:352,39,1,58
BRDA:360,40,0,73
BRDA:360,40,1,58
BRDA:369,41,0,73
BRDA:369,41,1,15
BRDA:377,42,0,73
BRDA:377,42,1,15
BRDA:386,43,0,73
BRDA:386,43,1,8
BRDA:392,44,0,4
BRDA:392,44,1,4
BRDA:398,45,0,11
BRDA:398,45,1,62
BRDA:403,46,0,3
BRDA:403,46,1,59
BRDA:408,47,0,1
BRDA:408,47,1,58
BRDA:421,48,0,5
BRDA:421,48,1,53
BRDA:421,49,0,58
BRDA:421,49,1,12
BRDA:436,50,0,8
BRDA:436,50,1,45
BRDA:451,51,0,8
BRDA:451,51,1,2
BRDA:470,52,0,7
BRDA:470,52,1,38
BRDA:478,53,0,58
BRDA:478,53,1,15
BRDA:482,54,0,58
BRDA:482,54,1,8
BRDA:483,55,0,58
BRDA:483,55,1,10
BRDA:485,56,0,8
BRDA:485,56,1,50
BRDA:489,57,0,58
BRDA:489,57,1,8
BRDA:491,58,0,10
BRDA:491,58,1,48
BRDA:493,59,0,8
BRDA:493,59,1,40
BRDA:503,60,0,15
BRDA:503,60,1,0
BRDA:504,61,0,15
BRDA:504,61,1,1
BRDA:506,62,0,0
BRDA:506,62,1,15
BRDA:510,63,0,15
BRDA:510,63,1,0
BRDA:512,64,0,1
BRDA:512,64,1,14
BRDA:514,65,0,0
BRDA:514,65,1,14
BRDA:523,66,0,15
BRDA:523,66,1,8
BRDA:523,66,2,8
BRDA:527,67,0,15
BRDA:527,67,1,8
BRDA:527,67,2,7
BRDA:531,68,0,1
BRDA:531,68,1,14
BRDA:601,69,0,1
BRDA:601,69,1,0
BRDA:616,70,0,1
BRDA:616,70,1,0
BRDA:664,71,0,1
BRDA:664,71,1,0
BRF:151
BRH:125
end_of_record
TN:
SF:app/history.tsx
FN:32,timeAgo
FN:43,HistoryScreen
FN:47,(anonymous_2)
FN:52,(anonymous_3)
FN:61,(anonymous_4)
FN:67,(anonymous_5)
FN:89,(anonymous_6)
FN:91,(anonymous_7)
FNF:8
FNH:8
FNDA:7,timeAgo
FNDA:19,HistoryScreen
FNDA:9,(anonymous_2)
FNDA:9,(anonymous_3)
FNDA:2,(anonymous_4)
FNDA:1,(anonymous_5)
FNDA:13,(anonymous_6)
FNDA:7,(anonymous_7)
DA:13,1
DA:15,1
DA:33,7
DA:34,7
DA:35,7
DA:36,3
DA:37,2
DA:38,2
DA:39,1
DA:40,1
DA:44,19
DA:46,19
DA:48,9
DA:52,19
DA:53,9
DA:54,9
DA:55,8
DA:57,1
DA:61,19
DA:62,2
DA:68,1
DA:69,1
DA:75,19
DA:89,13
DA:92,7
DA:122,1
LF:26
LH:26
BRDA:35,0,0,4
BRDA:35,0,1,3
BRDA:36,1,0,1
BRDA:36,1,1,2
BRDA:38,2,0,1
BRDA:38,2,1,1
BRDA:55,3,0,6
BRDA:55,3,1,2
BRDA:77,4,0,13
BRDA:77,4,1,6
BRF:10
BRH:10
end_of_record
TN:
SF:app/index.tsx
FN:22,HomeScreen
FN:25,(anonymous_1)
FN:33,(anonymous_2)
FN:60,(anonymous_3)
FN:69,(anonymous_4)
FNF:5
FNH:5
FNDA:4,HomeScreen
FNDA:4,(anonymous_1)
FNDA:4,(anonymous_2)
FNDA:1,(anonymous_3)
FNDA:1,(anonymous_4)
DA:11,1
DA:23,4
DA:25,4
DA:26,4
DA:32,4
DA:33,4
DA:36,4
DA:41,4
DA:60,1
DA:69,1
DA:84,1
LF:11
LH:11
BRF:0
BRH:0
end_of_record
TN:
SF:services/api.ts
FN:25,normalizeBaseUrl
FN:29,resolveApiBaseUrl
FN:88,isTunnelUnavailable
FN:102,explainApiFailure
FN:120,predictSign
FN:147,predictSentence
FN:155,(anonymous_6)
FN:202,checkHealth
FNF:8
FNH:8
FNDA:4,normalizeBaseUrl
FNDA:6,resolveApiBaseUrl
FNDA:23,isTunnelUnavailable
FNDA:7,explainApiFailure
FNDA:4,predictSign
FNDA:5,predictSentence
FNDA:5,(anonymous_6)
FNDA:7,checkHealth
DA:26,4
DA:31,6
DA:34,6
DA:35,3
DA:38,3
DA:39,1
DA:41,2
DA:42,2
DA:43,1
DA:46,1
DA:49,6
DA:51,6
DA:89,23
DA:90,16
DA:91,16
DA:103,7
DA:104,3
DA:111,4
DA:112,1
DA:114,3
DA:121,4
DA:122,4
DA:128,4
DA:134,3
DA:136,3
DA:137,1
DA:138,1
DA:141,2
DA:151,5
DA:152,1
DA:154,4
DA:155,4
DA:156,5
DA:163,4
DA:164,4
DA:165,1
DA:167,4
DA:168,1
DA:170,4
DA:171,1
DA:173,4
DA:174,4
DA:176,4
DA:182,3
DA:184,3
DA:185,1
DA:186,1
DA:189,2
DA:203,7
DA:204,7
DA:207,6
DA:209,6
DA:210,2
DA:218,4
DA:219,4
DA:221,1
DA:224,3
DA:230,1
LF:58
LH:58
BRDA:34,0,0,3
BRDA:34,0,1,3
BRDA:38,1,0,1
BRDA:38,1,1,2
BRDA:42,2,0,1
BRDA:42,2,1,1
BRDA:51,3,0,1
BRDA:51,3,1,5
BRDA:89,4,0,7
BRDA:89,4,1,16
BRDA:89,5,0,23
BRDA:89,5,1,11
BRDA:92,6,0,16
BRDA:92,6,1,7
BRDA:92,6,2,5
BRDA:92,6,3,3
BRDA:103,7,0,3
BRDA:103,7,1,4
BRDA:111,8,0,1
BRDA:111,8,1,3
BRDA:114,9,0,3
BRDA:114,9,1,1
BRDA:136,10,0,1
BRDA:136,10,1,2
BRDA:151,11,0,1
BRDA:151,11,1,4
BRDA:164,12,0,1
BRDA:164,12,1,3
BRDA:167,13,0,1
BRDA:167,13,1,3
BRDA:170,14,0,1
BRDA:170,14,1,3
BRDA:174,15,0,1
BRDA:174,15,1,3
BRDA:184,16,0,1
BRDA:184,16,1,2
BRDA:209,17,0,2
BRDA:209,17,1,4
BRF:38
BRH:38
end_of_record
